{"/home/travis/build/npmtest/node-npmtest-neo-async/test.js":{"path":"/home/travis/build/npmtest/node-npmtest-neo-async/test.js","s":{"1":2,"2":2,"3":2,"4":2,"5":2,"6":2,"7":2,"8":1,"9":2,"10":2,"11":1,"12":1,"13":1,"14":1,"15":2,"16":2,"17":2,"18":2,"19":1,"20":1,"21":2,"22":2,"23":2,"24":1,"25":1,"26":1,"27":1,"28":1,"29":1,"30":1,"31":1,"32":1,"33":1,"34":1,"35":1,"36":1,"37":1,"38":1,"39":2,"40":2,"41":1,"42":2,"43":2,"44":1,"45":2,"46":2,"47":1,"48":2,"49":2,"50":1,"51":1,"52":1,"53":1,"54":1},"b":{"1":[2,1,1,1],"2":[1,1,1,1],"3":[1,1],"4":[1,1],"5":[1,1],"6":[1,1],"7":[1,1],"8":[1,1],"9":[1,1],"10":[1,1,1],"11":[1,1],"12":[1,1],"13":[1,1],"14":[1,1],"15":[1,1],"16":[1,1],"17":[1,1]},"f":{"1":2,"2":2,"3":2,"4":2,"5":2,"6":1,"7":1,"8":1,"9":2,"10":2,"11":2,"12":2,"13":1},"fnMap":{"1":{"name":"(anonymous_1)","line":12,"loc":{"start":{"line":12,"column":1},"end":{"line":12,"column":13}}},"2":{"name":"(anonymous_2)","line":19,"loc":{"start":{"line":19,"column":5},"end":{"line":19,"column":17}}},"3":{"name":"(anonymous_3)","line":23,"loc":{"start":{"line":23,"column":24},"end":{"line":23,"column":36}}},"4":{"name":"(anonymous_4)","line":61,"loc":{"start":{"line":61,"column":5},"end":{"line":61,"column":17}}},"5":{"name":"(anonymous_5)","line":82,"loc":{"start":{"line":82,"column":5},"end":{"line":82,"column":17}}},"6":{"name":"(anonymous_6)","line":91,"loc":{"start":{"line":91,"column":77},"end":{"line":94,"column":10}}},"7":{"name":"(anonymous_7)","line":112,"loc":{"start":{"line":112,"column":83},"end":{"line":115,"column":10}},"skip":true},"8":{"name":"(anonymous_8)","line":123,"loc":{"start":{"line":123,"column":77},"end":{"line":126,"column":10}},"skip":true},"9":{"name":"(anonymous_9)","line":139,"loc":{"start":{"line":139,"column":12},"end":{"line":139,"column":40}},"skip":true},"10":{"name":"(anonymous_10)","line":147,"loc":{"start":{"line":147,"column":77},"end":{"line":150,"column":10}},"skip":true},"11":{"name":"(anonymous_11)","line":158,"loc":{"start":{"line":158,"column":83},"end":{"line":161,"column":10}},"skip":true},"12":{"name":"(anonymous_12)","line":169,"loc":{"start":{"line":169,"column":79},"end":{"line":172,"column":10}},"skip":true},"13":{"name":"(anonymous_13)","line":180,"loc":{"start":{"line":180,"column":75},"end":{"line":183,"column":10}},"skip":true}},"statementMap":{"1":{"start":{"line":12,"column":0},"end":{"line":195,"column":5}},"2":{"start":{"line":14,"column":4},"end":{"line":14,"column":14}},"3":{"start":{"line":19,"column":4},"end":{"line":56,"column":9}},"4":{"start":{"line":21,"column":8},"end":{"line":21,"column":19}},"5":{"start":{"line":23,"column":8},"end":{"line":35,"column":13}},"6":{"start":{"line":24,"column":12},"end":{"line":34,"column":13}},"7":{"start":{"line":25,"column":16},"end":{"line":28,"column":30}},"8":{"start":{"line":30,"column":16},"end":{"line":33,"column":27}},"9":{"start":{"line":37,"column":8},"end":{"line":39,"column":21}},"10":{"start":{"line":40,"column":8},"end":{"line":53,"column":9}},"11":{"start":{"line":43,"column":12},"end":{"line":46,"column":14}},"12":{"start":{"line":47,"column":12},"end":{"line":47,"column":18}},"13":{"start":{"line":50,"column":12},"end":{"line":51,"column":46}},"14":{"start":{"line":52,"column":12},"end":{"line":52,"column":18}},"15":{"start":{"line":55,"column":8},"end":{"line":55,"column":35}},"16":{"start":{"line":61,"column":4},"end":{"line":63,"column":9}},"17":{"start":{"line":62,"column":8},"end":{"line":62,"column":15}},"18":{"start":{"line":64,"column":4},"end":{"line":77,"column":5}},"19":{"start":{"line":70,"column":8},"end":{"line":70,"column":14}},"20":{"start":{"line":76,"column":8},"end":{"line":76,"column":14}},"21":{"start":{"line":82,"column":4},"end":{"line":84,"column":9}},"22":{"start":{"line":83,"column":8},"end":{"line":83,"column":15}},"23":{"start":{"line":85,"column":4},"end":{"line":194,"column":5}},"24":{"start":{"line":91,"column":8},"end":{"line":99,"column":10}},"25":{"start":{"line":98,"column":12},"end":{"line":98,"column":35}},"26":{"start":{"line":102,"column":8},"end":{"line":104,"column":63}},"27":{"start":{"line":105,"column":8},"end":{"line":105,"column":14}},"28":{"start":{"line":112,"column":8},"end":{"line":121,"column":10},"skip":true},"29":{"start":{"line":119,"column":12},"end":{"line":119,"column":55},"skip":true},"30":{"start":{"line":120,"column":12},"end":{"line":120,"column":48},"skip":true},"31":{"start":{"line":123,"column":8},"end":{"line":136,"column":10},"skip":true},"32":{"start":{"line":130,"column":12},"end":{"line":130,"column":76},"skip":true},"33":{"start":{"line":131,"column":12},"end":{"line":131,"column":73},"skip":true},"34":{"start":{"line":132,"column":12},"end":{"line":132,"column":74},"skip":true},"35":{"start":{"line":133,"column":12},"end":{"line":133,"column":79},"skip":true},"36":{"start":{"line":134,"column":12},"end":{"line":134,"column":25},"skip":true},"37":{"start":{"line":135,"column":12},"end":{"line":135,"column":45},"skip":true},"38":{"start":{"line":138,"column":8},"end":{"line":145,"column":14},"skip":true},"39":{"start":{"line":143,"column":16},"end":{"line":143,"column":29},"skip":true},"40":{"start":{"line":144,"column":16},"end":{"line":144,"column":55},"skip":true},"41":{"start":{"line":147,"column":8},"end":{"line":156,"column":10},"skip":true},"42":{"start":{"line":154,"column":12},"end":{"line":154,"column":25},"skip":true},"43":{"start":{"line":155,"column":12},"end":{"line":155,"column":45},"skip":true},"44":{"start":{"line":158,"column":8},"end":{"line":167,"column":10},"skip":true},"45":{"start":{"line":165,"column":12},"end":{"line":165,"column":25},"skip":true},"46":{"start":{"line":166,"column":12},"end":{"line":166,"column":48},"skip":true},"47":{"start":{"line":169,"column":8},"end":{"line":178,"column":10},"skip":true},"48":{"start":{"line":176,"column":12},"end":{"line":176,"column":25},"skip":true},"49":{"start":{"line":177,"column":12},"end":{"line":177,"column":46},"skip":true},"50":{"start":{"line":180,"column":8},"end":{"line":189,"column":10},"skip":true},"51":{"start":{"line":187,"column":12},"end":{"line":187,"column":94},"skip":true},"52":{"start":{"line":188,"column":12},"end":{"line":188,"column":48},"skip":true},"53":{"start":{"line":192,"column":8},"end":{"line":192,"column":35},"skip":true},"54":{"start":{"line":193,"column":8},"end":{"line":193,"column":14},"skip":true}},"branchMap":{"1":{"line":25,"type":"binary-expr","locations":[{"start":{"line":25,"column":23},"end":{"line":25,"column":62}},{"start":{"line":26,"column":20},"end":{"line":26,"column":70}},{"start":{"line":27,"column":20},"end":{"line":27,"column":71}},{"start":{"line":28,"column":20},"end":{"line":28,"column":29}}]},"2":{"line":30,"type":"binary-expr","locations":[{"start":{"line":30,"column":23},"end":{"line":30,"column":37}},{"start":{"line":31,"column":20},"end":{"line":31,"column":61}},{"start":{"line":32,"column":20},"end":{"line":32,"column":70}},{"start":{"line":33,"column":20},"end":{"line":33,"column":26}}]},"3":{"line":37,"type":"cond-expr","locations":[{"start":{"line":38,"column":14},"end":{"line":38,"column":20}},{"start":{"line":39,"column":14},"end":{"line":39,"column":20}}]},"4":{"line":40,"type":"switch","locations":[{"start":{"line":42,"column":8},"end":{"line":47,"column":18}},{"start":{"line":49,"column":8},"end":{"line":52,"column":18}}]},"5":{"line":44,"type":"binary-expr","locations":[{"start":{"line":44,"column":16},"end":{"line":44,"column":44}},{"start":{"line":44,"column":48},"end":{"line":44,"column":66}}]},"6":{"line":50,"type":"binary-expr","locations":[{"start":{"line":50,"column":21},"end":{"line":50,"column":49}},{"start":{"line":50,"column":53},"end":{"line":50,"column":72}}]},"7":{"line":64,"type":"switch","locations":[{"start":{"line":69,"column":4},"end":{"line":70,"column":14}},{"start":{"line":75,"column":4},"end":{"line":76,"column":14}}]},"8":{"line":85,"type":"switch","locations":[{"start":{"line":90,"column":4},"end":{"line":105,"column":14}},{"start":{"line":111,"column":4},"end":{"line":193,"column":14},"skip":true}]},"9":{"line":91,"type":"binary-expr","locations":[{"start":{"line":91,"column":42},"end":{"line":91,"column":73}},{"start":{"line":91,"column":77},"end":{"line":99,"column":9}}]},"10":{"line":102,"type":"binary-expr","locations":[{"start":{"line":102,"column":18},"end":{"line":102,"column":32}},{"start":{"line":103,"column":12},"end":{"line":103,"column":53}},{"start":{"line":104,"column":12},"end":{"line":104,"column":61}}]},"11":{"line":112,"type":"binary-expr","locations":[{"start":{"line":112,"column":45},"end":{"line":112,"column":79},"skip":true},{"start":{"line":112,"column":83},"end":{"line":121,"column":9},"skip":true}]},"12":{"line":123,"type":"binary-expr","locations":[{"start":{"line":123,"column":42},"end":{"line":123,"column":73},"skip":true},{"start":{"line":123,"column":77},"end":{"line":136,"column":9},"skip":true}]},"13":{"line":138,"type":"binary-expr","locations":[{"start":{"line":138,"column":48},"end":{"line":138,"column":85},"skip":true},{"start":{"line":139,"column":12},"end":{"line":145,"column":13},"skip":true}]},"14":{"line":147,"type":"binary-expr","locations":[{"start":{"line":147,"column":42},"end":{"line":147,"column":73},"skip":true},{"start":{"line":147,"column":77},"end":{"line":156,"column":9},"skip":true}]},"15":{"line":158,"type":"binary-expr","locations":[{"start":{"line":158,"column":45},"end":{"line":158,"column":79},"skip":true},{"start":{"line":158,"column":83},"end":{"line":167,"column":9},"skip":true}]},"16":{"line":169,"type":"binary-expr","locations":[{"start":{"line":169,"column":43},"end":{"line":169,"column":75},"skip":true},{"start":{"line":169,"column":79},"end":{"line":178,"column":9},"skip":true}]},"17":{"line":180,"type":"binary-expr","locations":[{"start":{"line":180,"column":41},"end":{"line":180,"column":71},"skip":true},{"start":{"line":180,"column":75},"end":{"line":189,"column":9},"skip":true}]}},"code":["/* istanbul instrument in package npmtest_neo_async */","/*jslint","    bitwise: true,","    browser: true,","    maxerr: 8,","    maxlen: 96,","    node: true,","    nomen: true,","    regexp: true,","    stupid: true","*/","(function () {","    'use strict';","    var local;","","","","    // run shared js-env code - pre-init","    (function () {","        // init local","        local = {};","        // init modeJs","        local.modeJs = (function () {","            try {","                return typeof navigator.userAgent === 'string' &&","                    typeof document.querySelector('body') === 'object' &&","                    typeof XMLHttpRequest.prototype.open === 'function' &&","                    'browser';","            } catch (errorCaughtBrowser) {","                return module.exports &&","                    typeof process.versions.node === 'string' &&","                    typeof require('http').createServer === 'function' &&","                    'node';","            }","        }());","        // init global","        local.global = local.modeJs === 'browser'","            ? window","            : global;","        switch (local.modeJs) {","        // re-init local from window.local","        case 'browser':","            local = local.global.utility2.objectSetDefault(","                local.global.utility2_rollup || local.global.local,","                local.global.utility2","            );","            break;","        // re-init local from example.js","        case 'node':","            local = (local.global.utility2_rollup || require('utility2'))","                .requireExampleJsFromReadme();","            break;","        }","        // export local","        local.global.local = local;","    }());","","","","    // run shared js-env code - function","    (function () {","        return;","    }());","    switch (local.modeJs) {","","","","    // run browser js-env code - function","    case 'browser':","        break;","","","","    // run node js-env code - function","    case 'node':","        break;","    }","","","","    // run shared js-env code - post-init","    (function () {","        return;","    }());","    switch (local.modeJs) {","","","","    // run browser js-env code - post-init","    case 'browser':","        local.testCase_browser_nullCase = local.testCase_browser_nullCase || function (","            options,","            onError","        ) {","        /*","         * this function will test browsers's null-case handling-behavior-behavior","         */","            onError(null, options);","        };","","        // run tests","        local.nop(local.modeTest &&","            document.querySelector('#testRunButton1') &&","            document.querySelector('#testRunButton1').click());","        break;","","","","    // run node js-env code - post-init","    /* istanbul ignore next */","    case 'node':","        local.testCase_buildApidoc_default = local.testCase_buildApidoc_default || function (","            options,","            onError","        ) {","        /*","         * this function will test buildApidoc's default handling-behavior-behavior","         */","            options = { modulePathList: module.paths };","            local.buildApidoc(options, onError);","        };","","        local.testCase_buildApp_default = local.testCase_buildApp_default || function (","            options,","            onError","        ) {","        /*","         * this function will test buildApp's default handling-behavior-behavior","         */","            local.testCase_buildReadme_default(options, local.onErrorThrow);","            local.testCase_buildLib_default(options, local.onErrorThrow);","            local.testCase_buildTest_default(options, local.onErrorThrow);","            local.testCase_buildCustomOrg_default(options, local.onErrorThrow);","            options = [];","            local.buildApp(options, onError);","        };","","        local.testCase_buildCustomOrg_default = local.testCase_buildCustomOrg_default ||","            function (options, onError) {","            /*","             * this function will test buildCustomOrg's default handling-behavior","             */","                options = {};","                local.buildCustomOrg(options, onError);","            };","","        local.testCase_buildLib_default = local.testCase_buildLib_default || function (","            options,","            onError","        ) {","        /*","         * this function will test buildLib's default handling-behavior","         */","            options = {};","            local.buildLib(options, onError);","        };","","        local.testCase_buildReadme_default = local.testCase_buildReadme_default || function (","            options,","            onError","        ) {","        /*","         * this function will test buildReadme's default handling-behavior-behavior","         */","            options = {};","            local.buildReadme(options, onError);","        };","","        local.testCase_buildTest_default = local.testCase_buildTest_default || function (","            options,","            onError","        ) {","        /*","         * this function will test buildTest's default handling-behavior","         */","            options = {};","            local.buildTest(options, onError);","        };","","        local.testCase_webpage_default = local.testCase_webpage_default || function (","            options,","            onError","        ) {","        /*","         * this function will test webpage's default handling-behavior","         */","            options = { modeCoverageMerge: true, url: local.serverLocalHost + '?modeTest=1' };","            local.browserTest(options, onError);","        };","","        // run test-server","        local.testRunServer(local);","        break;","    }","}());",""],"l":{"12":2,"14":2,"19":2,"21":2,"23":2,"24":2,"25":2,"30":1,"37":2,"40":2,"43":1,"47":1,"50":1,"52":1,"55":2,"61":2,"62":2,"64":2,"70":1,"76":1,"82":2,"83":2,"85":2,"91":1,"98":1,"102":1,"105":1,"112":1,"119":1,"120":1,"123":1,"130":1,"131":1,"132":1,"133":1,"134":1,"135":1,"138":1,"143":2,"144":2,"147":1,"154":2,"155":2,"158":1,"165":2,"166":2,"169":1,"176":2,"177":2,"180":1,"187":1,"188":1,"192":1,"193":1}},"/home/travis/build/npmtest/node-npmtest-neo-async/lib.npmtest_neo_async.js":{"path":"/home/travis/build/npmtest/node-npmtest-neo-async/lib.npmtest_neo_async.js","s":{"1":2,"2":2,"3":2,"4":2,"5":2,"6":2,"7":2,"8":1,"9":2,"10":2,"11":2,"12":2,"13":1,"14":1,"15":1,"16":1},"b":{"1":[2,1,1,1],"2":[1,1,1,1],"3":[1,1],"4":[2,2],"5":[1,1]},"f":{"1":2,"2":2,"3":2},"fnMap":{"1":{"name":"(anonymous_1)","line":12,"loc":{"start":{"line":12,"column":1},"end":{"line":12,"column":13}}},"2":{"name":"(anonymous_2)","line":19,"loc":{"start":{"line":19,"column":5},"end":{"line":19,"column":17}}},"3":{"name":"(anonymous_3)","line":23,"loc":{"start":{"line":23,"column":24},"end":{"line":23,"column":36}}}},"statementMap":{"1":{"start":{"line":12,"column":0},"end":{"line":53,"column":5}},"2":{"start":{"line":14,"column":4},"end":{"line":14,"column":14}},"3":{"start":{"line":19,"column":4},"end":{"line":52,"column":9}},"4":{"start":{"line":21,"column":8},"end":{"line":21,"column":19}},"5":{"start":{"line":23,"column":8},"end":{"line":35,"column":13}},"6":{"start":{"line":24,"column":12},"end":{"line":34,"column":13}},"7":{"start":{"line":25,"column":16},"end":{"line":28,"column":30}},"8":{"start":{"line":30,"column":16},"end":{"line":33,"column":27}},"9":{"start":{"line":37,"column":8},"end":{"line":39,"column":21}},"10":{"start":{"line":41,"column":8},"end":{"line":41,"column":54}},"11":{"start":{"line":43,"column":8},"end":{"line":43,"column":54}},"12":{"start":{"line":45,"column":8},"end":{"line":51,"column":9}},"13":{"start":{"line":46,"column":12},"end":{"line":46,"column":60}},"14":{"start":{"line":48,"column":12},"end":{"line":48,"column":35}},"15":{"start":{"line":49,"column":12},"end":{"line":49,"column":49}},"16":{"start":{"line":50,"column":12},"end":{"line":50,"column":43}}},"branchMap":{"1":{"line":25,"type":"binary-expr","locations":[{"start":{"line":25,"column":23},"end":{"line":25,"column":62}},{"start":{"line":26,"column":20},"end":{"line":26,"column":70}},{"start":{"line":27,"column":20},"end":{"line":27,"column":71}},{"start":{"line":28,"column":20},"end":{"line":28,"column":29}}]},"2":{"line":30,"type":"binary-expr","locations":[{"start":{"line":30,"column":23},"end":{"line":30,"column":37}},{"start":{"line":31,"column":20},"end":{"line":31,"column":61}},{"start":{"line":32,"column":20},"end":{"line":32,"column":70}},{"start":{"line":33,"column":20},"end":{"line":33,"column":26}}]},"3":{"line":37,"type":"cond-expr","locations":[{"start":{"line":38,"column":14},"end":{"line":38,"column":20}},{"start":{"line":39,"column":14},"end":{"line":39,"column":20}}]},"4":{"line":41,"type":"binary-expr","locations":[{"start":{"line":41,"column":16},"end":{"line":41,"column":44}},{"start":{"line":41,"column":48},"end":{"line":41,"column":53}}]},"5":{"line":45,"type":"if","locations":[{"start":{"line":45,"column":8},"end":{"line":45,"column":8}},{"start":{"line":45,"column":8},"end":{"line":45,"column":8}}]}},"code":["/* istanbul instrument in package npmtest_neo_async */","/*jslint","    bitwise: true,","    browser: true,","    maxerr: 8,","    maxlen: 96,","    node: true,","    nomen: true,","    regexp: true,","    stupid: true","*/","(function () {","    'use strict';","    var local;","","","","    // run shared js-env code - pre-init","    (function () {","        // init local","        local = {};","        // init modeJs","        local.modeJs = (function () {","            try {","                return typeof navigator.userAgent === 'string' &&","                    typeof document.querySelector('body') === 'object' &&","                    typeof XMLHttpRequest.prototype.open === 'function' &&","                    'browser';","            } catch (errorCaughtBrowser) {","                return module.exports &&","                    typeof process.versions.node === 'string' &&","                    typeof require('http').createServer === 'function' &&","                    'node';","            }","        }());","        // init global","        local.global = local.modeJs === 'browser'","            ? window","            : global;","        // init utility2_rollup","        local = local.global.utility2_rollup || local;","        // init lib","        local.local = local.npmtest_neo_async = local;","        // init exports","        if (local.modeJs === 'browser') {","            local.global.utility2_npmtest_neo_async = local;","        } else {","            module.exports = local;","            module.exports.__dirname = __dirname;","            module.exports.module = module;","        }","    }());","}());",""],"l":{"12":2,"14":2,"19":2,"21":2,"23":2,"24":2,"25":2,"30":1,"37":2,"41":2,"43":2,"45":2,"46":1,"48":1,"49":1,"50":1}},"/home/travis/build/npmtest/node-npmtest-neo-async/example.js":{"path":"/home/travis/build/npmtest/node-npmtest-neo-async/example.js","s":{"1":2,"2":2,"3":2,"4":2,"5":2,"6":2,"7":2,"8":1,"9":2,"10":2,"11":2,"12":2,"13":1,"14":2,"15":2,"16":2,"17":2,"18":2,"19":0,"20":2,"21":1,"22":1,"23":1,"24":1,"25":1,"26":0,"27":0,"28":1,"29":1,"30":2,"31":0,"32":0,"33":0,"34":1,"35":2,"36":2,"37":3,"38":3,"39":3,"40":3,"41":0,"42":3,"43":3,"44":3,"45":1,"46":3,"47":1,"48":1,"49":1,"50":1,"51":1,"52":1,"53":1,"54":1,"55":1,"56":1,"57":0,"58":1,"59":6,"60":6,"61":1,"62":2,"63":0,"64":2,"65":1,"66":1,"67":0,"68":0,"69":0,"70":0,"71":0,"72":0,"73":0,"74":0,"75":0,"76":0,"77":0,"78":0,"79":0,"80":0,"81":0,"82":0,"83":0},"b":{"1":[2,1,1,1],"2":[1,1,1,1],"3":[1,1],"4":[2,2],"5":[1,1],"6":[1,1],"7":[2,0],"8":[2,1,1,1,1,1],"9":[0,2,0],"10":[1,1],"11":[2,1,1],"12":[1,0],"13":[0,2],"14":[2,0,0,0,0,0,0],"15":[0,3],"16":[3,0],"17":[1,1],"18":[0,1],"19":[1,2,0,2],"20":[1,0],"21":[1,1],"22":[0,0],"23":[0,0],"24":[0,0],"25":[0,0],"26":[0,0],"27":[0,0],"28":[0,0]},"f":{"1":2,"2":2,"3":2,"4":2,"5":2,"6":2,"7":3,"8":3,"9":3,"10":1,"11":6,"12":0},"fnMap":{"1":{"name":"(anonymous_1)","line":26,"loc":{"start":{"line":26,"column":1},"end":{"line":26,"column":13}}},"2":{"name":"(anonymous_2)","line":33,"loc":{"start":{"line":33,"column":5},"end":{"line":33,"column":17}}},"3":{"name":"(anonymous_3)","line":37,"loc":{"start":{"line":37,"column":24},"end":{"line":37,"column":36}}},"4":{"name":"(anonymous_4)","line":69,"loc":{"start":{"line":69,"column":31},"end":{"line":69,"column":48}},"skip":true},"5":{"name":"(anonymous_5)","line":78,"loc":{"start":{"line":78,"column":26},"end":{"line":78,"column":45}},"skip":true},"6":{"name":"(anonymous_6)","line":123,"loc":{"start":{"line":123,"column":33},"end":{"line":123,"column":48}},"skip":true},"7":{"name":"(anonymous_7)","line":125,"loc":{"start":{"line":125,"column":27},"end":{"line":125,"column":39}},"skip":true},"8":{"name":"(anonymous_8)","line":133,"loc":{"start":{"line":133,"column":59},"end":{"line":133,"column":74}},"skip":true},"9":{"name":"(anonymous_9)","line":143,"loc":{"start":{"line":143,"column":45},"end":{"line":143,"column":62}},"skip":true},"10":{"name":"(anonymous_10)","line":144,"loc":{"start":{"line":144,"column":73},"end":{"line":144,"column":92}},"skip":true},"11":{"name":"(anonymous_11)","line":272,"loc":{"start":{"line":272,"column":51},"end":{"line":272,"column":77}},"skip":true},"12":{"name":"(anonymous_12)","line":315,"loc":{"start":{"line":315,"column":32},"end":{"line":315,"column":61}},"skip":true}},"statementMap":{"1":{"start":{"line":26,"column":0},"end":{"line":326,"column":5}},"2":{"start":{"line":28,"column":4},"end":{"line":28,"column":14}},"3":{"start":{"line":33,"column":4},"end":{"line":60,"column":9}},"4":{"start":{"line":35,"column":8},"end":{"line":35,"column":19}},"5":{"start":{"line":37,"column":8},"end":{"line":49,"column":13}},"6":{"start":{"line":38,"column":12},"end":{"line":48,"column":13}},"7":{"start":{"line":39,"column":16},"end":{"line":42,"column":30}},"8":{"start":{"line":44,"column":16},"end":{"line":47,"column":27}},"9":{"start":{"line":51,"column":8},"end":{"line":53,"column":21}},"10":{"start":{"line":55,"column":8},"end":{"line":57,"column":45}},"11":{"start":{"line":59,"column":8},"end":{"line":59,"column":35}},"12":{"start":{"line":61,"column":4},"end":{"line":325,"column":5}},"13":{"start":{"line":69,"column":8},"end":{"line":121,"column":10},"skip":true},"14":{"start":{"line":70,"column":12},"end":{"line":88,"column":13},"skip":true},"15":{"start":{"line":76,"column":16},"end":{"line":87,"column":19},"skip":true},"16":{"start":{"line":79,"column":20},"end":{"line":86,"column":21},"skip":true},"17":{"start":{"line":82,"column":24},"end":{"line":82,"column":43},"skip":true},"18":{"start":{"line":83,"column":24},"end":{"line":83,"column":30},"skip":true},"19":{"start":{"line":85,"column":24},"end":{"line":85,"column":49},"skip":true},"20":{"start":{"line":89,"column":12},"end":{"line":107,"column":13},"skip":true},"21":{"start":{"line":92,"column":16},"end":{"line":102,"column":17},"skip":true},"22":{"start":{"line":93,"column":20},"end":{"line":93,"column":86},"skip":true},"23":{"start":{"line":94,"column":20},"end":{"line":95,"column":45},"skip":true},"24":{"start":{"line":96,"column":20},"end":{"line":96,"column":42},"skip":true},"25":{"start":{"line":97,"column":20},"end":{"line":97,"column":48},"skip":true},"26":{"start":{"line":100,"column":20},"end":{"line":100,"column":85},"skip":true},"27":{"start":{"line":101,"column":20},"end":{"line":101,"column":96},"skip":true},"28":{"start":{"line":103,"column":16},"end":{"line":103,"column":22},"skip":true},"29":{"start":{"line":106,"column":16},"end":{"line":106,"column":22},"skip":true},"30":{"start":{"line":108,"column":12},"end":{"line":120,"column":13},"skip":true},"31":{"start":{"line":114,"column":16},"end":{"line":119,"column":17},"skip":true},"32":{"start":{"line":116,"column":20},"end":{"line":116,"column":78},"skip":true},"33":{"start":{"line":118,"column":20},"end":{"line":118,"column":47},"skip":true},"34":{"start":{"line":123,"column":8},"end":{"line":141,"column":11},"skip":true},"35":{"start":{"line":124,"column":12},"end":{"line":124,"column":54},"skip":true},"36":{"start":{"line":125,"column":12},"end":{"line":140,"column":14},"skip":true},"37":{"start":{"line":126,"column":16},"end":{"line":126,"column":28},"skip":true},"38":{"start":{"line":127,"column":16},"end":{"line":127,"column":69},"skip":true},"39":{"start":{"line":128,"column":16},"end":{"line":128,"column":75},"skip":true},"40":{"start":{"line":129,"column":16},"end":{"line":131,"column":17},"skip":true},"41":{"start":{"line":130,"column":20},"end":{"line":130,"column":27},"skip":true},"42":{"start":{"line":133,"column":16},"end":{"line":137,"column":36},"skip":true},"43":{"start":{"line":134,"column":20},"end":{"line":136,"column":55},"skip":true},"44":{"start":{"line":139,"column":16},"end":{"line":139,"column":57},"skip":true},"45":{"start":{"line":143,"column":8},"end":{"line":147,"column":11},"skip":true},"46":{"start":{"line":144,"column":12},"end":{"line":146,"column":15},"skip":true},"47":{"start":{"line":145,"column":16},"end":{"line":145,"column":70},"skip":true},"48":{"start":{"line":149,"column":8},"end":{"line":149,"column":31},"skip":true},"49":{"start":{"line":150,"column":8},"end":{"line":150,"column":14},"skip":true},"50":{"start":{"line":158,"column":8},"end":{"line":158,"column":31},"skip":true},"51":{"start":{"line":160,"column":8},"end":{"line":160,"column":33},"skip":true},"52":{"start":{"line":161,"column":8},"end":{"line":161,"column":37},"skip":true},"53":{"start":{"line":162,"column":8},"end":{"line":162,"column":35},"skip":true},"54":{"start":{"line":164,"column":8},"end":{"line":164,"column":50},"skip":true},"55":{"start":{"line":166,"column":8},"end":{"line":256,"column":2},"skip":true},"56":{"start":{"line":258,"column":8},"end":{"line":286,"column":9},"skip":true},"57":{"start":{"line":259,"column":12},"end":{"line":269,"column":14},"skip":true},"58":{"start":{"line":271,"column":12},"end":{"line":285,"column":19},"skip":true},"59":{"start":{"line":274,"column":20},"end":{"line":274,"column":35},"skip":true},"60":{"start":{"line":275,"column":20},"end":{"line":284,"column":21},"skip":true},"61":{"start":{"line":277,"column":24},"end":{"line":277,"column":64},"skip":true},"62":{"start":{"line":279,"column":24},"end":{"line":279,"column":40},"skip":true},"63":{"start":{"line":281,"column":24},"end":{"line":281,"column":40},"skip":true},"64":{"start":{"line":283,"column":24},"end":{"line":283,"column":39},"skip":true},"65":{"start":{"line":288,"column":8},"end":{"line":290,"column":9},"skip":true},"66":{"start":{"line":289,"column":12},"end":{"line":289,"column":18},"skip":true},"67":{"start":{"line":291,"column":8},"end":{"line":293,"column":54},"skip":true},"68":{"start":{"line":296,"column":8},"end":{"line":301,"column":37},"skip":true},"69":{"start":{"line":303,"column":8},"end":{"line":303,"column":82},"skip":true},"70":{"start":{"line":306,"column":8},"end":{"line":308,"column":9},"skip":true},"71":{"start":{"line":307,"column":12},"end":{"line":307,"column":82},"skip":true},"72":{"start":{"line":310,"column":8},"end":{"line":312,"column":9},"skip":true},"73":{"start":{"line":311,"column":12},"end":{"line":311,"column":18},"skip":true},"74":{"start":{"line":313,"column":8},"end":{"line":313,"column":54},"skip":true},"75":{"start":{"line":314,"column":8},"end":{"line":314,"column":69},"skip":true},"76":{"start":{"line":315,"column":8},"end":{"line":323,"column":36},"skip":true},"77":{"start":{"line":316,"column":12},"end":{"line":316,"column":61},"skip":true},"78":{"start":{"line":317,"column":12},"end":{"line":320,"column":13},"skip":true},"79":{"start":{"line":318,"column":16},"end":{"line":318,"column":75},"skip":true},"80":{"start":{"line":319,"column":16},"end":{"line":319,"column":23},"skip":true},"81":{"start":{"line":321,"column":12},"end":{"line":321,"column":38},"skip":true},"82":{"start":{"line":322,"column":12},"end":{"line":322,"column":27},"skip":true},"83":{"start":{"line":324,"column":8},"end":{"line":324,"column":14},"skip":true}},"branchMap":{"1":{"line":39,"type":"binary-expr","locations":[{"start":{"line":39,"column":23},"end":{"line":39,"column":62}},{"start":{"line":40,"column":20},"end":{"line":40,"column":70}},{"start":{"line":41,"column":20},"end":{"line":41,"column":71}},{"start":{"line":42,"column":20},"end":{"line":42,"column":29}}]},"2":{"line":44,"type":"binary-expr","locations":[{"start":{"line":44,"column":23},"end":{"line":44,"column":37}},{"start":{"line":45,"column":20},"end":{"line":45,"column":61}},{"start":{"line":46,"column":20},"end":{"line":46,"column":70}},{"start":{"line":47,"column":20},"end":{"line":47,"column":26}}]},"3":{"line":51,"type":"cond-expr","locations":[{"start":{"line":52,"column":14},"end":{"line":52,"column":20}},{"start":{"line":53,"column":14},"end":{"line":53,"column":20}}]},"4":{"line":55,"type":"binary-expr","locations":[{"start":{"line":55,"column":16},"end":{"line":55,"column":44}},{"start":{"line":55,"column":49},"end":{"line":57,"column":43}}]},"5":{"line":55,"type":"cond-expr","locations":[{"start":{"line":56,"column":14},"end":{"line":56,"column":53}},{"start":{"line":57,"column":14},"end":{"line":57,"column":43}}]},"6":{"line":61,"type":"switch","locations":[{"start":{"line":68,"column":4},"end":{"line":150,"column":14},"skip":true},{"start":{"line":156,"column":4},"end":{"line":324,"column":14},"skip":true}]},"7":{"line":70,"type":"if","locations":[{"start":{"line":70,"column":12},"end":{"line":70,"column":12},"skip":true},{"start":{"line":70,"column":12},"end":{"line":70,"column":12},"skip":true}]},"8":{"line":70,"type":"binary-expr","locations":[{"start":{"line":70,"column":16},"end":{"line":70,"column":22},"skip":true},{"start":{"line":70,"column":27},"end":{"line":70,"column":32},"skip":true},{"start":{"line":71,"column":20},"end":{"line":71,"column":39},"skip":true},{"start":{"line":72,"column":20},"end":{"line":72,"column":49},"skip":true},{"start":{"line":73,"column":20},"end":{"line":73,"column":58},"skip":true},{"start":{"line":74,"column":20},"end":{"line":74,"column":69},"skip":true}]},"9":{"line":79,"type":"switch","locations":[{"start":{"line":80,"column":20},"end":{"line":80,"column":33},"skip":true},{"start":{"line":81,"column":20},"end":{"line":83,"column":30},"skip":true},{"start":{"line":84,"column":20},"end":{"line":85,"column":49},"skip":true}]},"10":{"line":89,"type":"switch","locations":[{"start":{"line":90,"column":12},"end":{"line":103,"column":22},"skip":true},{"start":{"line":105,"column":12},"end":{"line":106,"column":22},"skip":true}]},"11":{"line":89,"type":"binary-expr","locations":[{"start":{"line":89,"column":20},"end":{"line":89,"column":25},"skip":true},{"start":{"line":89,"column":29},"end":{"line":89,"column":48},"skip":true},{"start":{"line":89,"column":52},"end":{"line":89,"column":74},"skip":true}]},"12":{"line":92,"type":"if","locations":[{"start":{"line":92,"column":16},"end":{"line":92,"column":16},"skip":true},{"start":{"line":92,"column":16},"end":{"line":92,"column":16},"skip":true}]},"13":{"line":108,"type":"if","locations":[{"start":{"line":108,"column":12},"end":{"line":108,"column":12},"skip":true},{"start":{"line":108,"column":12},"end":{"line":108,"column":12},"skip":true}]},"14":{"line":108,"type":"binary-expr","locations":[{"start":{"line":108,"column":16},"end":{"line":108,"column":61},"skip":true},{"start":{"line":108,"column":66},"end":{"line":108,"column":72},"skip":true},{"start":{"line":108,"column":77},"end":{"line":108,"column":82},"skip":true},{"start":{"line":109,"column":20},"end":{"line":109,"column":39},"skip":true},{"start":{"line":110,"column":20},"end":{"line":110,"column":49},"skip":true},{"start":{"line":111,"column":20},"end":{"line":111,"column":58},"skip":true},{"start":{"line":112,"column":20},"end":{"line":112,"column":68},"skip":true}]},"15":{"line":129,"type":"if","locations":[{"start":{"line":129,"column":16},"end":{"line":129,"column":16},"skip":true},{"start":{"line":129,"column":16},"end":{"line":129,"column":16},"skip":true}]},"16":{"line":134,"type":"cond-expr","locations":[{"start":{"line":135,"column":26},"end":{"line":135,"column":29},"skip":true},{"start":{"line":136,"column":26},"end":{"line":136,"column":54},"skip":true}]},"17":{"line":164,"type":"binary-expr","locations":[{"start":{"line":164,"column":27},"end":{"line":164,"column":43},"skip":true},{"start":{"line":164,"column":47},"end":{"line":164,"column":49},"skip":true}]},"18":{"line":258,"type":"if","locations":[{"start":{"line":258,"column":8},"end":{"line":258,"column":8},"skip":true},{"start":{"line":258,"column":8},"end":{"line":258,"column":8},"skip":true}]},"19":{"line":275,"type":"switch","locations":[{"start":{"line":276,"column":20},"end":{"line":277,"column":64},"skip":true},{"start":{"line":278,"column":20},"end":{"line":279,"column":40},"skip":true},{"start":{"line":280,"column":20},"end":{"line":281,"column":40},"skip":true},{"start":{"line":282,"column":20},"end":{"line":283,"column":39},"skip":true}]},"20":{"line":288,"type":"if","locations":[{"start":{"line":288,"column":8},"end":{"line":288,"column":8},"skip":true},{"start":{"line":288,"column":8},"end":{"line":288,"column":8},"skip":true}]},"21":{"line":288,"type":"binary-expr","locations":[{"start":{"line":288,"column":12},"end":{"line":288,"column":40},"skip":true},{"start":{"line":288,"column":44},"end":{"line":288,"column":67},"skip":true}]},"22":{"line":292,"type":"binary-expr","locations":[{"start":{"line":292,"column":12},"end":{"line":292,"column":50},"skip":true},{"start":{"line":293,"column":12},"end":{"line":293,"column":53},"skip":true}]},"23":{"line":297,"type":"binary-expr","locations":[{"start":{"line":297,"column":12},"end":{"line":297,"column":67},"skip":true},{"start":{"line":298,"column":12},"end":{"line":301,"column":36},"skip":true}]},"24":{"line":303,"type":"binary-expr","locations":[{"start":{"line":303,"column":43},"end":{"line":303,"column":75},"skip":true},{"start":{"line":303,"column":79},"end":{"line":303,"column":81},"skip":true}]},"25":{"line":306,"type":"if","locations":[{"start":{"line":306,"column":8},"end":{"line":306,"column":8},"skip":true},{"start":{"line":306,"column":8},"end":{"line":306,"column":8},"skip":true}]},"26":{"line":310,"type":"if","locations":[{"start":{"line":310,"column":8},"end":{"line":310,"column":8},"skip":true},{"start":{"line":310,"column":8},"end":{"line":310,"column":8},"skip":true}]},"27":{"line":313,"type":"binary-expr","locations":[{"start":{"line":313,"column":27},"end":{"line":313,"column":43},"skip":true},{"start":{"line":313,"column":47},"end":{"line":313,"column":53},"skip":true}]},"28":{"line":317,"type":"if","locations":[{"start":{"line":317,"column":12},"end":{"line":317,"column":12},"skip":true},{"start":{"line":317,"column":12},"end":{"line":317,"column":12},"skip":true}]}},"code":["/*","example.js","","quickstart example","","instruction","    1. save this script as example.js","    2. run the shell command:","        $ npm install npmtest-neo-async && PORT=8081 node example.js","    3. play with the browser-demo on http://127.0.0.1:8081","*/","","","","/* istanbul instrument in package npmtest_neo_async */","/*jslint","    bitwise: true,","    browser: true,","    maxerr: 8,","    maxlen: 96,","    node: true,","    nomen: true,","    regexp: true,","    stupid: true","*/","(function () {","    'use strict';","    var local;","","","","    // run shared js-env code - pre-init","    (function () {","        // init local","        local = {};","        // init modeJs","        local.modeJs = (function () {","            try {","                return typeof navigator.userAgent === 'string' &&","                    typeof document.querySelector('body') === 'object' &&","                    typeof XMLHttpRequest.prototype.open === 'function' &&","                    'browser';","            } catch (errorCaughtBrowser) {","                return module.exports &&","                    typeof process.versions.node === 'string' &&","                    typeof require('http').createServer === 'function' &&","                    'node';","            }","        }());","        // init global","        local.global = local.modeJs === 'browser'","            ? window","            : global;","        // init utility2_rollup","        local = local.global.utility2_rollup || (local.modeJs === 'browser'","            ? local.global.utility2_npmtest_neo_async","            : global.utility2_moduleExports);","        // export local","        local.global.local = local;","    }());","    switch (local.modeJs) {","","","","    // post-init","    // run browser js-env code - post-init","    /* istanbul ignore next */","    case 'browser':","        local.testRunBrowser = function (event) {","            if (!event || (event &&","                    event.currentTarget &&","                    event.currentTarget.className &&","                    event.currentTarget.className.includes &&","                    event.currentTarget.className.includes('onreset'))) {","                // reset output","                Array.from(","                    document.querySelectorAll('body > .resettable')","                ).forEach(function (element) {","                    switch (element.tagName) {","                    case 'INPUT':","                    case 'TEXTAREA':","                        element.value = '';","                        break;","                    default:","                        element.textContent = '';","                    }","                });","            }","            switch (event && event.currentTarget && event.currentTarget.id) {","            case 'testRunButton1':","                // show tests","                if (document.querySelector('#testReportDiv1').style.display === 'none') {","                    document.querySelector('#testReportDiv1').style.display = 'block';","                    document.querySelector('#testRunButton1').textContent =","                        'hide internal test';","                    local.modeTest = true;","                    local.testRunDefault(local);","                // hide tests","                } else {","                    document.querySelector('#testReportDiv1').style.display = 'none';","                    document.querySelector('#testRunButton1').textContent = 'run internal test';","                }","                break;","            // custom-case","            default:","                break;","            }","            if (document.querySelector('#inputTextareaEval1') && (!event || (event &&","                    event.currentTarget &&","                    event.currentTarget.className &&","                    event.currentTarget.className.includes &&","                    event.currentTarget.className.includes('oneval')))) {","                // try to eval input-code","                try {","                    /*jslint evil: true*/","                    eval(document.querySelector('#inputTextareaEval1').value);","                } catch (errorCaught) {","                    console.error(errorCaught);","                }","            }","        };","        // log stderr and stdout to #outputTextareaStdout1","        ['error', 'log'].forEach(function (key) {","            console[key + '_original'] = console[key];","            console[key] = function () {","                var element;","                console[key + '_original'].apply(console, arguments);","                element = document.querySelector('#outputTextareaStdout1');","                if (!element) {","                    return;","                }","                // append text to #outputTextareaStdout1","                element.value += Array.from(arguments).map(function (arg) {","                    return typeof arg === 'string'","                        ? arg","                        : JSON.stringify(arg, null, 4);","                }).join(' ') + '\\n';","                // scroll textarea to bottom","                element.scrollTop = element.scrollHeight;","            };","        });","        // init event-handling","        ['change', 'click', 'keyup'].forEach(function (event) {","            Array.from(document.querySelectorAll('.on' + event)).forEach(function (element) {","                element.addEventListener(event, local.testRunBrowser);","            });","        });","        // run tests","        local.testRunBrowser();","        break;","","","","    // run node js-env code - post-init","    /* istanbul ignore next */","    case 'node':","        // export local","        module.exports = local;","        // require modules","        local.fs = require('fs');","        local.http = require('http');","        local.url = require('url');","        // init assets","        local.assetsDict = local.assetsDict || {};","        /* jslint-ignore-begin */","        local.assetsDict['/assets.index.template.html'] = '\\","<!doctype html>\\n\\","<html lang=\"en\">\\n\\","<head>\\n\\","<meta charset=\"UTF-8\">\\n\\","<meta name=\"viewport\" content=\"width=device-width, initial-scale=1\">\\n\\","<title>{{env.npm_package_name}} (v{{env.npm_package_version}})</title>\\n\\","<style>\\n\\","/*csslint\\n\\","    box-sizing: false,\\n\\","    universal-selector: false\\n\\","*/\\n\\","* {\\n\\","    box-sizing: border-box;\\n\\","}\\n\\","body {\\n\\","    background: #dde;\\n\\","    font-family: Arial, Helvetica, sans-serif;\\n\\","    margin: 2rem;\\n\\","}\\n\\","body > * {\\n\\","    margin-bottom: 1rem;\\n\\","}\\n\\",".utility2FooterDiv {\\n\\","    margin-top: 20px;\\n\\","    text-align: center;\\n\\","}\\n\\","</style>\\n\\","<style>\\n\\","/*csslint\\n\\","*/\\n\\","textarea {\\n\\","    font-family: monospace;\\n\\","    height: 10rem;\\n\\","    width: 100%;\\n\\","}\\n\\","textarea[readonly] {\\n\\","    background: #ddd;\\n\\","}\\n\\","</style>\\n\\","</head>\\n\\","<body>\\n\\","<!-- utility2-comment\\n\\","<div id=\"ajaxProgressDiv1\" style=\"background: #d00; height: 2px; left: 0; margin: 0; padding: 0; position: fixed; top: 0; transition: background 0.5s, width 1.5s; width: 25%;\"></div>\\n\\","utility2-comment -->\\n\\","<h1>\\n\\","<!-- utility2-comment\\n\\","    <a\\n\\","        {{#if env.npm_package_homepage}}\\n\\","        href=\"{{env.npm_package_homepage}}\"\\n\\","        {{/if env.npm_package_homepage}}\\n\\","        target=\"_blank\"\\n\\","    >\\n\\","utility2-comment -->\\n\\","        {{env.npm_package_name}} (v{{env.npm_package_version}})\\n\\","<!-- utility2-comment\\n\\","    </a>\\n\\","utility2-comment -->\\n\\","</h1>\\n\\","<h3>{{env.npm_package_description}}</h3>\\n\\","<!-- utility2-comment\\n\\","<h4><a download href=\"assets.app.js\">download standalone app</a></h4>\\n\\","<button class=\"onclick onreset\" id=\"testRunButton1\">run internal test</button><br>\\n\\","<div id=\"testReportDiv1\" style=\"display: none;\"></div>\\n\\","utility2-comment -->\\n\\","\\n\\","\\n\\","\\n\\","<label>stderr and stdout</label>\\n\\","<textarea class=\"resettable\" id=\"outputTextareaStdout1\" readonly></textarea>\\n\\","<!-- utility2-comment\\n\\","{{#if isRollup}}\\n\\","<script src=\"assets.app.js\"></script>\\n\\","{{#unless isRollup}}\\n\\","utility2-comment -->\\n\\","<script src=\"assets.utility2.rollup.js\"></script>\\n\\","<script src=\"jsonp.utility2._stateInit?callback=window.utility2._stateInit\"></script>\\n\\","<script src=\"assets.npmtest_neo_async.rollup.js\"></script>\\n\\","<script src=\"assets.example.js\"></script>\\n\\","<script src=\"assets.test.js\"></script>\\n\\","<!-- utility2-comment\\n\\","{{/if isRollup}}\\n\\","utility2-comment -->\\n\\","<div class=\"utility2FooterDiv\">\\n\\","    [ this app was created with\\n\\","    <a href=\"https://github.com/kaizhu256/node-utility2\" target=\"_blank\">utility2</a>\\n\\","    ]\\n\\","</div>\\n\\","</body>\\n\\","</html>\\n\\","';","        /* jslint-ignore-end */","        if (local.templateRender) {","            local.assetsDict['/'] = local.templateRender(","                local.assetsDict['/assets.index.template.html'],","                {","                    env: local.objectSetDefault(local.env, {","                        npm_package_description: 'the greatest app in the world!',","                        npm_package_name: 'my-app',","                        npm_package_nameAlias: 'my_app',","                        npm_package_version: '0.0.1'","                    })","                }","            );","        } else {","            local.assetsDict['/'] = local.assetsDict['/assets.index.template.html']","                .replace((/\\{\\{env\\.(\\w+?)\\}\\}/g), function (match0, match1) {","                    // jslint-hack","                    String(match0);","                    switch (match1) {","                    case 'npm_package_description':","                        return 'the greatest app in the world!';","                    case 'npm_package_name':","                        return 'my-app';","                    case 'npm_package_nameAlias':","                        return 'my_app';","                    case 'npm_package_version':","                        return '0.0.1';","                    }","                });","        }","        // run the cli","        if (local.global.utility2_rollup || module !== require.main) {","            break;","        }","        local.assetsDict['/assets.example.js'] =","            local.assetsDict['/assets.example.js'] ||","            local.fs.readFileSync(__filename, 'utf8');","        // bug-workaround - long $npm_package_buildCustomOrg","        /* jslint-ignore-begin */","        local.assetsDict['/assets.npmtest_neo_async.rollup.js'] =","            local.assetsDict['/assets.npmtest_neo_async.rollup.js'] ||","            local.fs.readFileSync(","                local.npmtest_neo_async.__dirname + '/lib.npmtest_neo_async.js',","                'utf8'","            ).replace((/^#!/), '//');","        /* jslint-ignore-end */","        local.assetsDict['/favicon.ico'] = local.assetsDict['/favicon.ico'] || '';","        // if $npm_config_timeout_exit exists,","        // then exit this process after $npm_config_timeout_exit ms","        if (Number(process.env.npm_config_timeout_exit)) {","            setTimeout(process.exit, Number(process.env.npm_config_timeout_exit));","        }","        // start server","        if (local.global.utility2_serverHttp1) {","            break;","        }","        process.env.PORT = process.env.PORT || '8081';","        console.error('server starting on port ' + process.env.PORT);","        local.http.createServer(function (request, response) {","            request.urlParsed = local.url.parse(request.url);","            if (local.assetsDict[request.urlParsed.pathname] !== undefined) {","                response.end(local.assetsDict[request.urlParsed.pathname]);","                return;","            }","            response.statusCode = 404;","            response.end();","        }).listen(process.env.PORT);","        break;","    }","}());",""],"l":{"26":2,"28":2,"33":2,"35":2,"37":2,"38":2,"39":2,"44":1,"51":2,"55":2,"59":2,"61":2,"69":1,"70":2,"76":2,"79":2,"82":2,"83":2,"85":1,"89":2,"92":1,"93":1,"94":1,"96":1,"97":1,"100":1,"101":1,"103":1,"106":1,"108":2,"114":1,"116":1,"118":1,"123":1,"124":2,"125":2,"126":3,"127":3,"128":3,"129":3,"130":1,"133":3,"134":3,"139":3,"143":1,"144":3,"145":1,"149":1,"150":1,"158":1,"160":1,"161":1,"162":1,"164":1,"166":1,"258":1,"259":1,"271":1,"274":6,"275":6,"277":1,"279":2,"281":1,"283":2,"288":1,"289":1,"291":1,"296":1,"303":1,"306":1,"307":1,"310":1,"311":1,"313":1,"314":1,"315":1,"316":1,"317":1,"318":1,"319":1,"321":1,"322":1,"324":1}},"/home/travis/build/npmtest/node-npmtest-neo-async/node_modules/neo-async/index.js":{"path":"/home/travis/build/npmtest/node-npmtest-neo-async/node_modules/neo-async/index.js","s":{"1":1},"b":{},"f":{},"fnMap":{},"statementMap":{"1":{"start":{"line":3,"column":0},"end":{"line":3,"column":40}}},"branchMap":{},"code":["'use strict';","","module.exports = require('./lib/async');","",""],"l":{"3":1}},"/home/travis/build/npmtest/node-npmtest-neo-async/node_modules/neo-async/lib/async.js":{"path":"/home/travis/build/npmtest/node-npmtest-neo-async/node_modules/neo-async/lib/async.js","s":{"1":1,"2":1,"3":1,"4":1,"5":0,"6":1,"7":1,"8":1,"9":1,"10":1,"11":1,"12":1,"13":1,"14":1,"15":1,"16":1,"17":1,"18":1,"19":1,"20":1,"21":1,"22":1,"23":1,"24":1,"25":1,"26":1,"27":1,"28":1,"29":1,"30":1,"31":1,"32":1,"33":1,"34":1,"35":1,"36":1,"37":1,"38":1,"39":1,"40":1,"41":1,"42":1,"43":1,"44":1,"45":1,"46":1,"47":1,"48":115,"49":1,"50":1,"51":0,"52":0,"53":0,"54":1,"55":1,"56":1,"57":1,"58":0,"59":1,"60":0,"61":0,"62":1,"63":0,"64":0,"65":0,"66":0,"67":0,"68":0,"69":1,"70":0,"71":0,"72":0,"73":0,"74":0,"75":0,"76":0,"77":0,"78":0,"79":1,"80":0,"81":0,"82":0,"83":0,"84":0,"85":0,"86":0,"87":0,"88":1,"89":0,"90":0,"91":0,"92":0,"93":0,"94":0,"95":0,"96":0,"97":1,"98":0,"99":0,"100":0,"101":0,"102":0,"103":0,"104":0,"105":1,"106":0,"107":1,"108":0,"109":0,"110":0,"111":0,"112":0,"113":0,"114":1,"115":0,"116":0,"117":0,"118":0,"119":0,"120":1,"121":1,"122":1,"123":1,"124":115,"125":115,"126":1,"127":1,"128":0,"129":0,"130":0,"131":1,"132":0,"133":0,"134":0,"135":0,"136":0,"137":0,"138":0,"139":1,"140":0,"141":1,"142":0,"143":0,"144":0,"145":0,"146":0,"147":0,"148":0,"149":1,"150":0,"151":0,"152":0,"153":0,"154":0,"155":0,"156":0,"157":0,"158":0,"159":1,"160":0,"161":0,"162":0,"163":0,"164":0,"165":0,"166":0,"167":0,"168":1,"169":0,"170":0,"171":0,"172":0,"173":0,"174":0,"175":0,"176":1,"177":0,"178":0,"179":0,"180":0,"181":0,"182":0,"183":0,"184":0,"185":0,"186":1,"187":0,"188":0,"189":0,"190":0,"191":0,"192":0,"193":0,"194":0,"195":1,"196":0,"197":0,"198":0,"199":0,"200":1,"201":0,"202":0,"203":0,"204":0,"205":0,"206":0,"207":1,"208":0,"209":0,"210":0,"211":0,"212":0,"213":0,"214":0,"215":1,"216":0,"217":0,"218":0,"219":0,"220":0,"221":0,"222":0,"223":0,"224":0,"225":1,"226":0,"227":0,"228":0,"229":0,"230":0,"231":0,"232":0,"233":0,"234":0,"235":0,"236":1,"237":0,"238":0,"239":0,"240":0,"241":0,"242":0,"243":0,"244":0,"245":0,"246":0,"247":1,"248":0,"249":0,"250":0,"251":0,"252":0,"253":0,"254":0,"255":0,"256":1,"257":0,"258":0,"259":0,"260":0,"261":0,"262":0,"263":0,"264":0,"265":0,"266":0,"267":1,"268":0,"269":0,"270":0,"271":0,"272":0,"273":0,"274":0,"275":0,"276":0,"277":0,"278":0,"279":1,"280":0,"281":0,"282":0,"283":0,"284":0,"285":0,"286":0,"287":0,"288":0,"289":0,"290":1,"291":0,"292":0,"293":0,"294":0,"295":0,"296":0,"297":0,"298":0,"299":0,"300":0,"301":1,"302":0,"303":0,"304":0,"305":0,"306":0,"307":0,"308":0,"309":0,"310":0,"311":0,"312":0,"313":1,"314":0,"315":0,"316":0,"317":0,"318":0,"319":0,"320":0,"321":0,"322":0,"323":0,"324":1,"325":0,"326":0,"327":0,"328":0,"329":0,"330":0,"331":0,"332":0,"333":0,"334":0,"335":0,"336":0,"337":1,"338":0,"339":0,"340":0,"341":0,"342":0,"343":0,"344":0,"345":0,"346":0,"347":0,"348":1,"349":0,"350":0,"351":0,"352":0,"353":1,"354":0,"355":0,"356":0,"357":0,"358":1,"359":1,"360":0,"361":0,"362":0,"363":0,"364":0,"365":0,"366":0,"367":0,"368":0,"369":0,"370":0,"371":0,"372":0,"373":0,"374":0,"375":0,"376":1,"377":0,"378":0,"379":0,"380":0,"381":0,"382":0,"383":0,"384":0,"385":1,"386":2,"387":2,"388":1,"389":1,"390":1,"391":0,"392":1,"393":2,"394":0,"395":0,"396":0,"397":0,"398":0,"399":0,"400":0,"401":0,"402":0,"403":0,"404":0,"405":0,"406":0,"407":0,"408":0,"409":0,"410":0,"411":0,"412":0,"413":1,"414":0,"415":0,"416":0,"417":0,"418":0,"419":0,"420":0,"421":0,"422":0,"423":0,"424":0,"425":0,"426":1,"427":2,"428":0,"429":0,"430":0,"431":0,"432":0,"433":0,"434":0,"435":0,"436":0,"437":0,"438":0,"439":0,"440":0,"441":0,"442":0,"443":0,"444":0,"445":0,"446":0,"447":1,"448":0,"449":0,"450":0,"451":0,"452":0,"453":0,"454":0,"455":0,"456":0,"457":0,"458":0,"459":0,"460":0,"461":1,"462":2,"463":0,"464":0,"465":0,"466":0,"467":0,"468":0,"469":0,"470":0,"471":0,"472":0,"473":0,"474":0,"475":0,"476":0,"477":0,"478":0,"479":0,"480":0,"481":0,"482":0,"483":1,"484":0,"485":0,"486":1,"487":0,"488":0,"489":1,"490":0,"491":0,"492":1,"493":0,"494":0,"495":1,"496":0,"497":0,"498":0,"499":1,"500":0,"501":0,"502":0,"503":1,"504":0,"505":0,"506":0,"507":0,"508":0,"509":0,"510":0,"511":0,"512":0,"513":0,"514":0,"515":0,"516":0,"517":1,"518":2,"519":0,"520":0,"521":0,"522":0,"523":0,"524":0,"525":0,"526":0,"527":0,"528":0,"529":0,"530":0,"531":0,"532":0,"533":0,"534":0,"535":0,"536":0,"537":0,"538":0,"539":0,"540":1,"541":0,"542":0,"543":0,"544":0,"545":1,"546":0,"547":0,"548":0,"549":0,"550":1,"551":0,"552":0,"553":0,"554":1,"555":0,"556":0,"557":0,"558":1,"559":0,"560":0,"561":0,"562":0,"563":1,"564":0,"565":0,"566":0,"567":0,"568":0,"569":1,"570":0,"571":0,"572":0,"573":0,"574":0,"575":0,"576":0,"577":0,"578":0,"579":0,"580":0,"581":0,"582":0,"583":0,"584":0,"585":0,"586":0,"587":0,"588":0,"589":0,"590":1,"591":0,"592":0,"593":0,"594":0,"595":0,"596":0,"597":0,"598":0,"599":0,"600":0,"601":0,"602":0,"603":0,"604":0,"605":0,"606":0,"607":0,"608":0,"609":0,"610":1,"611":0,"612":1,"613":0,"614":1,"615":0,"616":1,"617":0,"618":0,"619":1,"620":0,"621":1,"622":0,"623":0,"624":1,"625":0,"626":0,"627":0,"628":0,"629":0,"630":0,"631":0,"632":0,"633":0,"634":0,"635":0,"636":0,"637":0,"638":1,"639":0,"640":0,"641":0,"642":0,"643":0,"644":0,"645":0,"646":0,"647":0,"648":0,"649":0,"650":0,"651":0,"652":0,"653":0,"654":0,"655":0,"656":0,"657":0,"658":0,"659":0,"660":1,"661":0,"662":0,"663":1,"664":0,"665":0,"666":0,"667":1,"668":0,"669":0,"670":1,"671":0,"672":0,"673":1,"674":0,"675":0,"676":1,"677":0,"678":0,"679":0,"680":0,"681":1,"682":0,"683":0,"684":0,"685":0,"686":0,"687":0,"688":0,"689":0,"690":0,"691":0,"692":0,"693":0,"694":0,"695":0,"696":0,"697":0,"698":0,"699":1,"700":0,"701":0,"702":0,"703":0,"704":0,"705":0,"706":0,"707":0,"708":0,"709":0,"710":0,"711":0,"712":0,"713":0,"714":0,"715":0,"716":0,"717":0,"718":0,"719":0,"720":1,"721":0,"722":1,"723":0,"724":1,"725":0,"726":1,"727":0,"728":0,"729":1,"730":0,"731":1,"732":0,"733":0,"734":1,"735":0,"736":0,"737":0,"738":0,"739":0,"740":0,"741":0,"742":0,"743":0,"744":0,"745":0,"746":0,"747":0,"748":0,"749":0,"750":1,"751":0,"752":0,"753":0,"754":0,"755":0,"756":0,"757":0,"758":0,"759":0,"760":0,"761":0,"762":0,"763":0,"764":0,"765":0,"766":0,"767":0,"768":0,"769":0,"770":0,"771":0,"772":1,"773":0,"774":0,"775":0,"776":1,"777":0,"778":0,"779":0,"780":1,"781":0,"782":0,"783":1,"784":0,"785":0,"786":1,"787":0,"788":0,"789":0,"790":1,"791":0,"792":0,"793":0,"794":0,"795":1,"796":0,"797":0,"798":0,"799":0,"800":0,"801":0,"802":0,"803":0,"804":0,"805":0,"806":0,"807":0,"808":0,"809":0,"810":0,"811":0,"812":0,"813":0,"814":0,"815":0,"816":1,"817":0,"818":0,"819":0,"820":0,"821":0,"822":0,"823":0,"824":0,"825":0,"826":0,"827":0,"828":0,"829":0,"830":0,"831":0,"832":0,"833":0,"834":0,"835":0,"836":0,"837":1,"838":0,"839":0,"840":1,"841":0,"842":0,"843":1,"844":0,"845":0,"846":0,"847":1,"848":0,"849":0,"850":0,"851":1,"852":0,"853":0,"854":1,"855":0,"856":0,"857":1,"858":0,"859":0,"860":0,"861":0,"862":0,"863":0,"864":0,"865":0,"866":0,"867":0,"868":0,"869":0,"870":0,"871":0,"872":0,"873":1,"874":0,"875":0,"876":0,"877":0,"878":0,"879":0,"880":0,"881":0,"882":0,"883":0,"884":0,"885":0,"886":0,"887":0,"888":0,"889":0,"890":0,"891":0,"892":0,"893":0,"894":0,"895":1,"896":0,"897":0,"898":0,"899":1,"900":0,"901":0,"902":0,"903":1,"904":0,"905":0,"906":1,"907":0,"908":0,"909":1,"910":0,"911":0,"912":0,"913":0,"914":1,"915":0,"916":0,"917":0,"918":0,"919":1,"920":0,"921":0,"922":0,"923":0,"924":0,"925":0,"926":0,"927":0,"928":0,"929":0,"930":0,"931":0,"932":0,"933":0,"934":0,"935":0,"936":0,"937":0,"938":1,"939":2,"940":0,"941":0,"942":0,"943":0,"944":0,"945":0,"946":0,"947":0,"948":0,"949":0,"950":0,"951":0,"952":0,"953":0,"954":0,"955":0,"956":1,"957":0,"958":0,"959":0,"960":0,"961":0,"962":0,"963":0,"964":0,"965":0,"966":0,"967":0,"968":0,"969":0,"970":1,"971":2,"972":0,"973":0,"974":0,"975":0,"976":0,"977":0,"978":0,"979":0,"980":0,"981":0,"982":0,"983":0,"984":0,"985":0,"986":0,"987":0,"988":0,"989":0,"990":0,"991":1,"992":0,"993":0,"994":1,"995":0,"996":0,"997":1,"998":0,"999":0,"1000":1,"1001":0,"1002":0,"1003":1,"1004":0,"1005":0,"1006":1,"1007":0,"1008":0,"1009":0,"1010":1,"1011":0,"1012":0,"1013":0,"1014":0,"1015":0,"1016":0,"1017":0,"1018":0,"1019":0,"1020":0,"1021":0,"1022":0,"1023":0,"1024":1,"1025":2,"1026":0,"1027":0,"1028":0,"1029":0,"1030":0,"1031":0,"1032":0,"1033":0,"1034":0,"1035":0,"1036":0,"1037":0,"1038":0,"1039":0,"1040":0,"1041":0,"1042":0,"1043":0,"1044":0,"1045":0,"1046":1,"1047":0,"1048":0,"1049":0,"1050":0,"1051":1,"1052":0,"1053":0,"1054":0,"1055":0,"1056":1,"1057":0,"1058":0,"1059":0,"1060":1,"1061":0,"1062":0,"1063":0,"1064":1,"1065":0,"1066":0,"1067":0,"1068":0,"1069":1,"1070":0,"1071":0,"1072":0,"1073":0,"1074":1,"1075":0,"1076":0,"1077":0,"1078":0,"1079":0,"1080":0,"1081":0,"1082":0,"1083":0,"1084":0,"1085":0,"1086":0,"1087":0,"1088":0,"1089":0,"1090":0,"1091":0,"1092":0,"1093":0,"1094":0,"1095":1,"1096":2,"1097":0,"1098":0,"1099":0,"1100":0,"1101":0,"1102":0,"1103":0,"1104":0,"1105":0,"1106":0,"1107":0,"1108":0,"1109":0,"1110":0,"1111":0,"1112":0,"1113":0,"1114":1,"1115":0,"1116":0,"1117":0,"1118":0,"1119":0,"1120":0,"1121":0,"1122":0,"1123":0,"1124":0,"1125":0,"1126":0,"1127":0,"1128":1,"1129":2,"1130":0,"1131":0,"1132":0,"1133":0,"1134":0,"1135":0,"1136":0,"1137":0,"1138":0,"1139":0,"1140":0,"1141":0,"1142":0,"1143":0,"1144":0,"1145":0,"1146":0,"1147":0,"1148":0,"1149":0,"1150":1,"1151":0,"1152":0,"1153":0,"1154":1,"1155":0,"1156":0,"1157":0,"1158":1,"1159":0,"1160":0,"1161":0,"1162":1,"1163":0,"1164":0,"1165":0,"1166":1,"1167":0,"1168":0,"1169":0,"1170":1,"1171":0,"1172":0,"1173":0,"1174":1,"1175":0,"1176":0,"1177":0,"1178":0,"1179":0,"1180":0,"1181":0,"1182":0,"1183":0,"1184":0,"1185":0,"1186":0,"1187":0,"1188":1,"1189":2,"1190":0,"1191":0,"1192":0,"1193":0,"1194":0,"1195":0,"1196":0,"1197":0,"1198":0,"1199":0,"1200":0,"1201":0,"1202":0,"1203":0,"1204":0,"1205":0,"1206":0,"1207":0,"1208":0,"1209":0,"1210":0,"1211":1,"1212":0,"1213":0,"1214":0,"1215":0,"1216":1,"1217":0,"1218":0,"1219":0,"1220":0,"1221":1,"1222":0,"1223":0,"1224":0,"1225":1,"1226":0,"1227":0,"1228":0,"1229":1,"1230":0,"1231":0,"1232":0,"1233":0,"1234":1,"1235":0,"1236":0,"1237":0,"1238":0,"1239":1,"1240":0,"1241":0,"1242":0,"1243":0,"1244":0,"1245":0,"1246":0,"1247":0,"1248":0,"1249":0,"1250":0,"1251":0,"1252":0,"1253":0,"1254":0,"1255":0,"1256":0,"1257":0,"1258":0,"1259":0,"1260":0,"1261":1,"1262":0,"1263":0,"1264":0,"1265":0,"1266":0,"1267":0,"1268":0,"1269":0,"1270":0,"1271":0,"1272":0,"1273":0,"1274":0,"1275":0,"1276":0,"1277":0,"1278":0,"1279":0,"1280":0,"1281":1,"1282":0,"1283":1,"1284":0,"1285":1,"1286":0,"1287":1,"1288":0,"1289":1,"1290":0,"1291":1,"1292":0,"1293":0,"1294":1,"1295":0,"1296":0,"1297":0,"1298":0,"1299":0,"1300":0,"1301":0,"1302":0,"1303":0,"1304":0,"1305":0,"1306":1,"1307":0,"1308":0,"1309":0,"1310":0,"1311":0,"1312":0,"1313":0,"1314":0,"1315":0,"1316":0,"1317":0,"1318":0,"1319":0,"1320":0,"1321":0,"1322":0,"1323":0,"1324":0,"1325":0,"1326":0,"1327":0,"1328":0,"1329":0,"1330":1,"1331":0,"1332":1,"1333":0,"1334":1,"1335":0,"1336":1,"1337":0,"1338":0,"1339":1,"1340":0,"1341":0,"1342":0,"1343":0,"1344":0,"1345":0,"1346":0,"1347":0,"1348":0,"1349":0,"1350":0,"1351":1,"1352":1,"1353":0,"1354":0,"1355":0,"1356":0,"1357":0,"1358":0,"1359":0,"1360":0,"1361":0,"1362":0,"1363":0,"1364":0,"1365":0,"1366":0,"1367":0,"1368":0,"1369":0,"1370":0,"1371":0,"1372":0,"1373":0,"1374":0,"1375":0,"1376":1,"1377":0,"1378":0,"1379":0,"1380":0,"1381":0,"1382":0,"1383":0,"1384":0,"1385":1,"1386":0,"1387":0,"1388":0,"1389":0,"1390":0,"1391":0,"1392":0,"1393":0,"1394":0,"1395":0,"1396":0,"1397":0,"1398":0,"1399":0,"1400":0,"1401":0,"1402":0,"1403":0,"1404":0,"1405":0,"1406":0,"1407":0,"1408":0,"1409":0,"1410":0,"1411":0,"1412":1,"1413":0,"1414":1,"1415":0,"1416":1,"1417":0,"1418":1,"1419":0,"1420":1,"1421":0,"1422":1,"1423":0,"1424":0,"1425":1,"1426":0,"1427":0,"1428":0,"1429":0,"1430":0,"1431":0,"1432":0,"1433":0,"1434":0,"1435":0,"1436":0,"1437":0,"1438":0,"1439":1,"1440":0,"1441":0,"1442":0,"1443":0,"1444":0,"1445":0,"1446":0,"1447":0,"1448":0,"1449":0,"1450":0,"1451":0,"1452":0,"1453":0,"1454":0,"1455":0,"1456":0,"1457":0,"1458":0,"1459":0,"1460":0,"1461":0,"1462":0,"1463":0,"1464":0,"1465":0,"1466":0,"1467":1,"1468":0,"1469":0,"1470":0,"1471":1,"1472":0,"1473":0,"1474":0,"1475":1,"1476":0,"1477":0,"1478":1,"1479":0,"1480":0,"1481":1,"1482":0,"1483":0,"1484":0,"1485":1,"1486":0,"1487":0,"1488":0,"1489":0,"1490":1,"1491":0,"1492":0,"1493":0,"1494":0,"1495":0,"1496":0,"1497":0,"1498":0,"1499":0,"1500":0,"1501":0,"1502":0,"1503":0,"1504":0,"1505":0,"1506":1,"1507":1,"1508":0,"1509":0,"1510":0,"1511":0,"1512":0,"1513":0,"1514":0,"1515":0,"1516":0,"1517":0,"1518":0,"1519":0,"1520":0,"1521":0,"1522":0,"1523":0,"1524":0,"1525":0,"1526":0,"1527":1,"1528":0,"1529":0,"1530":0,"1531":0,"1532":0,"1533":0,"1534":0,"1535":0,"1536":0,"1537":0,"1538":0,"1539":0,"1540":1,"1541":0,"1542":0,"1543":0,"1544":0,"1545":0,"1546":0,"1547":0,"1548":0,"1549":0,"1550":0,"1551":0,"1552":0,"1553":0,"1554":0,"1555":0,"1556":0,"1557":0,"1558":0,"1559":0,"1560":0,"1561":1,"1562":0,"1563":0,"1564":1,"1565":0,"1566":0,"1567":1,"1568":0,"1569":0,"1570":1,"1571":0,"1572":0,"1573":1,"1574":0,"1575":0,"1576":1,"1577":0,"1578":0,"1579":0,"1580":1,"1581":0,"1582":0,"1583":0,"1584":0,"1585":0,"1586":0,"1587":0,"1588":0,"1589":0,"1590":0,"1591":0,"1592":0,"1593":1,"1594":0,"1595":0,"1596":0,"1597":0,"1598":0,"1599":0,"1600":0,"1601":0,"1602":0,"1603":0,"1604":0,"1605":0,"1606":0,"1607":0,"1608":0,"1609":0,"1610":0,"1611":0,"1612":0,"1613":0,"1614":0,"1615":1,"1616":0,"1617":0,"1618":0,"1619":1,"1620":0,"1621":0,"1622":0,"1623":0,"1624":1,"1625":0,"1626":0,"1627":0,"1628":1,"1629":0,"1630":0,"1631":0,"1632":1,"1633":0,"1634":0,"1635":0,"1636":1,"1637":0,"1638":0,"1639":0,"1640":0,"1641":1,"1642":0,"1643":0,"1644":0,"1645":0,"1646":0,"1647":0,"1648":0,"1649":0,"1650":0,"1651":0,"1652":0,"1653":0,"1654":0,"1655":0,"1656":0,"1657":0,"1658":0,"1659":0,"1660":1,"1661":0,"1662":0,"1663":1,"1664":0,"1665":0,"1666":0,"1667":1,"1668":0,"1669":0,"1670":1,"1671":0,"1672":0,"1673":0,"1674":1,"1675":0,"1676":0,"1677":1,"1678":0,"1679":0,"1680":0,"1681":1,"1682":1,"1683":1,"1684":0,"1685":0,"1686":1,"1687":0,"1688":0,"1689":0,"1690":1,"1691":1,"1692":1,"1693":0,"1694":0,"1695":1,"1696":0,"1697":0,"1698":0,"1699":1,"1700":1,"1701":1,"1702":0,"1703":0,"1704":1,"1705":0,"1706":0,"1707":0,"1708":1,"1709":1,"1710":0,"1711":0,"1712":0,"1713":0,"1714":0,"1715":0,"1716":0,"1717":0,"1718":0,"1719":0,"1720":0,"1721":0,"1722":0,"1723":0,"1724":0,"1725":0,"1726":0,"1727":1,"1728":0,"1729":0,"1730":0,"1731":0,"1732":0,"1733":0,"1734":0,"1735":1,"1736":0,"1737":0,"1738":0,"1739":0,"1740":0,"1741":0,"1742":0,"1743":0,"1744":0,"1745":0,"1746":0,"1747":0,"1748":0,"1749":0,"1750":0,"1751":0,"1752":0,"1753":0,"1754":0,"1755":0,"1756":1,"1757":0,"1758":1,"1759":0,"1760":1,"1761":0,"1762":1,"1763":0,"1764":0,"1765":1,"1766":0,"1767":1,"1768":0,"1769":0,"1770":1,"1771":0,"1772":0,"1773":0,"1774":0,"1775":0,"1776":0,"1777":0,"1778":0,"1779":0,"1780":0,"1781":0,"1782":0,"1783":1,"1784":0,"1785":0,"1786":0,"1787":0,"1788":0,"1789":0,"1790":0,"1791":0,"1792":0,"1793":0,"1794":0,"1795":0,"1796":0,"1797":0,"1798":0,"1799":0,"1800":0,"1801":0,"1802":0,"1803":0,"1804":0,"1805":1,"1806":0,"1807":0,"1808":1,"1809":0,"1810":0,"1811":0,"1812":1,"1813":0,"1814":0,"1815":1,"1816":0,"1817":0,"1818":1,"1819":0,"1820":0,"1821":1,"1822":0,"1823":0,"1824":0,"1825":1,"1826":0,"1827":0,"1828":0,"1829":0,"1830":0,"1831":0,"1832":0,"1833":0,"1834":0,"1835":0,"1836":0,"1837":0,"1838":0,"1839":0,"1840":0,"1841":1,"1842":1,"1843":0,"1844":0,"1845":0,"1846":0,"1847":0,"1848":0,"1849":0,"1850":0,"1851":0,"1852":0,"1853":0,"1854":0,"1855":0,"1856":0,"1857":0,"1858":0,"1859":0,"1860":1,"1861":0,"1862":0,"1863":0,"1864":0,"1865":0,"1866":0,"1867":0,"1868":0,"1869":0,"1870":0,"1871":0,"1872":0,"1873":0,"1874":0,"1875":0,"1876":1,"1877":0,"1878":0,"1879":0,"1880":0,"1881":0,"1882":0,"1883":0,"1884":0,"1885":0,"1886":0,"1887":0,"1888":0,"1889":0,"1890":0,"1891":0,"1892":0,"1893":0,"1894":0,"1895":0,"1896":0,"1897":1,"1898":0,"1899":0,"1900":1,"1901":0,"1902":0,"1903":1,"1904":0,"1905":0,"1906":1,"1907":0,"1908":0,"1909":1,"1910":0,"1911":0,"1912":1,"1913":0,"1914":0,"1915":0,"1916":1,"1917":0,"1918":0,"1919":0,"1920":0,"1921":0,"1922":0,"1923":0,"1924":0,"1925":0,"1926":0,"1927":0,"1928":0,"1929":0,"1930":0,"1931":0,"1932":0,"1933":0,"1934":1,"1935":0,"1936":0,"1937":0,"1938":0,"1939":0,"1940":0,"1941":0,"1942":0,"1943":0,"1944":0,"1945":0,"1946":0,"1947":0,"1948":0,"1949":0,"1950":0,"1951":0,"1952":0,"1953":0,"1954":0,"1955":0,"1956":1,"1957":0,"1958":0,"1959":0,"1960":1,"1961":0,"1962":0,"1963":0,"1964":0,"1965":1,"1966":0,"1967":0,"1968":0,"1969":1,"1970":0,"1971":0,"1972":0,"1973":1,"1974":0,"1975":0,"1976":0,"1977":1,"1978":0,"1979":0,"1980":0,"1981":0,"1982":1,"1983":0,"1984":0,"1985":0,"1986":0,"1987":0,"1988":0,"1989":0,"1990":0,"1991":0,"1992":0,"1993":0,"1994":0,"1995":0,"1996":0,"1997":0,"1998":0,"1999":0,"2000":0,"2001":0,"2002":0,"2003":0,"2004":1,"2005":1,"2006":0,"2007":0,"2008":0,"2009":0,"2010":0,"2011":0,"2012":0,"2013":0,"2014":0,"2015":0,"2016":0,"2017":0,"2018":0,"2019":0,"2020":1,"2021":0,"2022":0,"2023":0,"2024":0,"2025":0,"2026":0,"2027":0,"2028":0,"2029":0,"2030":0,"2031":0,"2032":0,"2033":1,"2034":0,"2035":0,"2036":0,"2037":0,"2038":0,"2039":0,"2040":0,"2041":0,"2042":0,"2043":0,"2044":0,"2045":0,"2046":0,"2047":0,"2048":0,"2049":0,"2050":0,"2051":1,"2052":0,"2053":0,"2054":1,"2055":0,"2056":0,"2057":1,"2058":0,"2059":0,"2060":0,"2061":0,"2062":0,"2063":0,"2064":0,"2065":0,"2066":0,"2067":0,"2068":0,"2069":0,"2070":0,"2071":0,"2072":1,"2073":0,"2074":0,"2075":0,"2076":0,"2077":0,"2078":0,"2079":0,"2080":0,"2081":0,"2082":0,"2083":0,"2084":0,"2085":0,"2086":0,"2087":0,"2088":0,"2089":0,"2090":1,"2091":0,"2092":0,"2093":0,"2094":1,"2095":0,"2096":0,"2097":0,"2098":1,"2099":0,"2100":0,"2101":0,"2102":0,"2103":0,"2104":0,"2105":0,"2106":0,"2107":0,"2108":0,"2109":0,"2110":0,"2111":0,"2112":0,"2113":0,"2114":0,"2115":0,"2116":0,"2117":1,"2118":0,"2119":0,"2120":0,"2121":0,"2122":0,"2123":0,"2124":0,"2125":1,"2126":0,"2127":0,"2128":0,"2129":0,"2130":0,"2131":0,"2132":0,"2133":0,"2134":0,"2135":1,"2136":0,"2137":0,"2138":0,"2139":0,"2140":0,"2141":0,"2142":0,"2143":0,"2144":0,"2145":0,"2146":0,"2147":1,"2148":0,"2149":0,"2150":0,"2151":0,"2152":0,"2153":0,"2154":0,"2155":0,"2156":0,"2157":0,"2158":0,"2159":0,"2160":0,"2161":0,"2162":0,"2163":0,"2164":0,"2165":0,"2166":0,"2167":0,"2168":0,"2169":0,"2170":1,"2171":0,"2172":0,"2173":0,"2174":0,"2175":0,"2176":0,"2177":0,"2178":0,"2179":0,"2180":0,"2181":0,"2182":0,"2183":0,"2184":0,"2185":0,"2186":0,"2187":0,"2188":0,"2189":0,"2190":0,"2191":0,"2192":0,"2193":0,"2194":1,"2195":0,"2196":0,"2197":0,"2198":0,"2199":0,"2200":0,"2201":0,"2202":0,"2203":0,"2204":0,"2205":0,"2206":0,"2207":0,"2208":0,"2209":0,"2210":0,"2211":0,"2212":0,"2213":0,"2214":0,"2215":1,"2216":0,"2217":0,"2218":0,"2219":0,"2220":0,"2221":1,"2222":0,"2223":0,"2224":0,"2225":0,"2226":0,"2227":1,"2228":0,"2229":1,"2230":0,"2231":0,"2232":0,"2233":0,"2234":0,"2235":0,"2236":0,"2237":0,"2238":0,"2239":0,"2240":0,"2241":1,"2242":0,"2243":0,"2244":0,"2245":1,"2246":0,"2247":0,"2248":0,"2249":0,"2250":0,"2251":1,"2252":0,"2253":1,"2254":0,"2255":0,"2256":0,"2257":0,"2258":0,"2259":0,"2260":0,"2261":0,"2262":0,"2263":0,"2264":0,"2265":1,"2266":0,"2267":0,"2268":0,"2269":0,"2270":0,"2271":1,"2272":0,"2273":0,"2274":0,"2275":0,"2276":0,"2277":1,"2278":0,"2279":1,"2280":0,"2281":0,"2282":0,"2283":0,"2284":0,"2285":0,"2286":0,"2287":0,"2288":0,"2289":0,"2290":0,"2291":1,"2292":0,"2293":0,"2294":0,"2295":1,"2296":0,"2297":0,"2298":0,"2299":0,"2300":0,"2301":1,"2302":0,"2303":1,"2304":0,"2305":0,"2306":0,"2307":0,"2308":0,"2309":0,"2310":0,"2311":0,"2312":0,"2313":0,"2314":0,"2315":1,"2316":0,"2317":0,"2318":1,"2319":0,"2320":1,"2321":0,"2322":0,"2323":0,"2324":0,"2325":0,"2326":1,"2327":0,"2328":0,"2329":0,"2330":1,"2331":0,"2332":0,"2333":1,"2334":0,"2335":0,"2336":0,"2337":0,"2338":0,"2339":1,"2340":0,"2341":0,"2342":0,"2343":0,"2344":0,"2345":0,"2346":0,"2347":0,"2348":0,"2349":0,"2350":0,"2351":1,"2352":0,"2353":0,"2354":1,"2355":0,"2356":1,"2357":0,"2358":0,"2359":0,"2360":0,"2361":0,"2362":0,"2363":0,"2364":0,"2365":0,"2366":1,"2367":0,"2368":1,"2369":0,"2370":0,"2371":0,"2372":0,"2373":0,"2374":0,"2375":0,"2376":0,"2377":0,"2378":1,"2379":0,"2380":0,"2381":0,"2382":0,"2383":0,"2384":1,"2385":0,"2386":0,"2387":0,"2388":1,"2389":2,"2390":0,"2391":0,"2392":0,"2393":0,"2394":0,"2395":1,"2396":0,"2397":0,"2398":0,"2399":0,"2400":0,"2401":1,"2402":0,"2403":0,"2404":0,"2405":1,"2406":0,"2407":0,"2408":0,"2409":0,"2410":0,"2411":0,"2412":0,"2413":0,"2414":1,"2415":1,"2416":0,"2417":0,"2418":1,"2419":0,"2420":0,"2421":0,"2422":0,"2423":0,"2424":0,"2425":0,"2426":1,"2427":0,"2428":0,"2429":0,"2430":1,"2431":0,"2432":0,"2433":0,"2434":0,"2435":0,"2436":0,"2437":0,"2438":0,"2439":1,"2440":0,"2441":1,"2442":0,"2443":0,"2444":0,"2445":0,"2446":0,"2447":1,"2448":0,"2449":0,"2450":0,"2451":0,"2452":0,"2453":0,"2454":0,"2455":0,"2456":0,"2457":1,"2458":0,"2459":1,"2460":0,"2461":1,"2462":0,"2463":0,"2464":0,"2465":0,"2466":0,"2467":1,"2468":0,"2469":0,"2470":0,"2471":0,"2472":0,"2473":0,"2474":0,"2475":0,"2476":0,"2477":0,"2478":0,"2479":0,"2480":0,"2481":1,"2482":0,"2483":0,"2484":1,"2485":0,"2486":0,"2487":0,"2488":0,"2489":0,"2490":0,"2491":0,"2492":0,"2493":0,"2494":0,"2495":0,"2496":0,"2497":0,"2498":0,"2499":0,"2500":0,"2501":0,"2502":0,"2503":0,"2504":0,"2505":0,"2506":0,"2507":0,"2508":0,"2509":0,"2510":0,"2511":0,"2512":0,"2513":0,"2514":0,"2515":0,"2516":1,"2517":0,"2518":0,"2519":0,"2520":0,"2521":0,"2522":0,"2523":0,"2524":0,"2525":0,"2526":0,"2527":1,"2528":0,"2529":0,"2530":0,"2531":0,"2532":0,"2533":0,"2534":0,"2535":0,"2536":0,"2537":0,"2538":0,"2539":0,"2540":0,"2541":0,"2542":0,"2543":1,"2544":0,"2545":1,"2546":0,"2547":1,"2548":0,"2549":1,"2550":0,"2551":1,"2552":0,"2553":1,"2554":0,"2555":1,"2556":0,"2557":0,"2558":0,"2559":0,"2560":0,"2561":1,"2562":0,"2563":1,"2564":0,"2565":0,"2566":0,"2567":0,"2568":1,"2569":0,"2570":0,"2571":0,"2572":0,"2573":0,"2574":0,"2575":0,"2576":0,"2577":0,"2578":0,"2579":0,"2580":0,"2581":0,"2582":0,"2583":0,"2584":0,"2585":0,"2586":0,"2587":1,"2588":0,"2589":1,"2590":0,"2591":0,"2592":0,"2593":0,"2594":0,"2595":0,"2596":0,"2597":0,"2598":0,"2599":0,"2600":0,"2601":0,"2602":0,"2603":0,"2604":0,"2605":1,"2606":0,"2607":0,"2608":0,"2609":0,"2610":0,"2611":0,"2612":0,"2613":0,"2614":0,"2615":0,"2616":0,"2617":0,"2618":0,"2619":0,"2620":0,"2621":0,"2622":0,"2623":0,"2624":0,"2625":0,"2626":0,"2627":0,"2628":1,"2629":0,"2630":0,"2631":0,"2632":0,"2633":0,"2634":0,"2635":0,"2636":0,"2637":0,"2638":0,"2639":0,"2640":0,"2641":0,"2642":0,"2643":0,"2644":0,"2645":1,"2646":0,"2647":0,"2648":1,"2649":0,"2650":0,"2651":0,"2652":0,"2653":0,"2654":0,"2655":0,"2656":0,"2657":0,"2658":0,"2659":1,"2660":0,"2661":0,"2662":0,"2663":0,"2664":1,"2665":1,"2666":1,"2667":1,"2668":1,"2669":0,"2670":0,"2671":0,"2672":0,"2673":0,"2674":0,"2675":1,"2676":0,"2677":0,"2678":0,"2679":1,"2680":0,"2681":0,"2682":0,"2683":0,"2684":0,"2685":0,"2686":0,"2687":0,"2688":0,"2689":0,"2690":0,"2691":0,"2692":0,"2693":0,"2694":0,"2695":0,"2696":0,"2697":0,"2698":0,"2699":0,"2700":1,"2701":0,"2702":0,"2703":0,"2704":0,"2705":0,"2706":0,"2707":0,"2708":0,"2709":0,"2710":0,"2711":0,"2712":0,"2713":0,"2714":1,"2715":0,"2716":0,"2717":0,"2718":0,"2719":0,"2720":0,"2721":0,"2722":0,"2723":0,"2724":0,"2725":0,"2726":0,"2727":0,"2728":0,"2729":0,"2730":0,"2731":0,"2732":0,"2733":0,"2734":0,"2735":0,"2736":0,"2737":0,"2738":0,"2739":0,"2740":0,"2741":0,"2742":0,"2743":0,"2744":0,"2745":0,"2746":0,"2747":1,"2748":0,"2749":1,"2750":0,"2751":0,"2752":0,"2753":0,"2754":0,"2755":0,"2756":1,"2757":0,"2758":1,"2759":0,"2760":0,"2761":0,"2762":0,"2763":0,"2764":0,"2765":1,"2766":0,"2767":0,"2768":0,"2769":0,"2770":1,"2771":0,"2772":0,"2773":0,"2774":0,"2775":0,"2776":0,"2777":0,"2778":0,"2779":0,"2780":0,"2781":0,"2782":0,"2783":0,"2784":0,"2785":0,"2786":1,"2787":0,"2788":1,"2789":0,"2790":1,"2791":0,"2792":1,"2793":0,"2794":0,"2795":1,"2796":0,"2797":0,"2798":0,"2799":0,"2800":0,"2801":0,"2802":0,"2803":1,"2804":0,"2805":0,"2806":0,"2807":0,"2808":0,"2809":0,"2810":0,"2811":0,"2812":1,"2813":0,"2814":0,"2815":0,"2816":0,"2817":0,"2818":0,"2819":0,"2820":0,"2821":0,"2822":0,"2823":0,"2824":0,"2825":0,"2826":1,"2827":0,"2828":0,"2829":1,"2830":0,"2831":0,"2832":0,"2833":0,"2834":0,"2835":0,"2836":1,"2837":0,"2838":0,"2839":0,"2840":0,"2841":0,"2842":0,"2843":0,"2844":1,"2845":0,"2846":0,"2847":0,"2848":1,"2849":0,"2850":0,"2851":0,"2852":0,"2853":0,"2854":0,"2855":0,"2856":0,"2857":0,"2858":1,"2859":0,"2860":0,"2861":0,"2862":0,"2863":0,"2864":0,"2865":1,"2866":0,"2867":1,"2868":0,"2869":0,"2870":0,"2871":0,"2872":0,"2873":0,"2874":0,"2875":0,"2876":0,"2877":0,"2878":1,"2879":0,"2880":0,"2881":0,"2882":0,"2883":0,"2884":0,"2885":0,"2886":0,"2887":1,"2888":0,"2889":1,"2890":0,"2891":0,"2892":0,"2893":0,"2894":0,"2895":0,"2896":0,"2897":0,"2898":0,"2899":0,"2900":0,"2901":0,"2902":1,"2903":0,"2904":0,"2905":0,"2906":0,"2907":0,"2908":0,"2909":0,"2910":0,"2911":0,"2912":1,"2913":0,"2914":0,"2915":0,"2916":1,"2917":0,"2918":0,"2919":0,"2920":0,"2921":0,"2922":0,"2923":0,"2924":0,"2925":0,"2926":0,"2927":0,"2928":0,"2929":0,"2930":0,"2931":0,"2932":0,"2933":1,"2934":0,"2935":0,"2936":0,"2937":0,"2938":0,"2939":0,"2940":0,"2941":0,"2942":0,"2943":0,"2944":0,"2945":0,"2946":0,"2947":0,"2948":0,"2949":1,"2950":0,"2951":0,"2952":0,"2953":0,"2954":0,"2955":0,"2956":0,"2957":0,"2958":0,"2959":0,"2960":0,"2961":0,"2962":0,"2963":0,"2964":0,"2965":0,"2966":0,"2967":1,"2968":0,"2969":0,"2970":0,"2971":0,"2972":0,"2973":0,"2974":0,"2975":0,"2976":0,"2977":0,"2978":0,"2979":1,"2980":0,"2981":0,"2982":1,"2983":0,"2984":0,"2985":0,"2986":0,"2987":0,"2988":0,"2989":0,"2990":0,"2991":1,"2992":0,"2993":0,"2994":0,"2995":0,"2996":0,"2997":1,"2998":0,"2999":0,"3000":0,"3001":0,"3002":1,"3003":0,"3004":0,"3005":0,"3006":0,"3007":0,"3008":0,"3009":0,"3010":0,"3011":0,"3012":0,"3013":0,"3014":0,"3015":1,"3016":0,"3017":0,"3018":0,"3019":0,"3020":0,"3021":0,"3022":0,"3023":0,"3024":0,"3025":0,"3026":0,"3027":0,"3028":1,"3029":0,"3030":0,"3031":0,"3032":0,"3033":0,"3034":1,"3035":0,"3036":0,"3037":0,"3038":0,"3039":0,"3040":0,"3041":0,"3042":0,"3043":0,"3044":0,"3045":0,"3046":1,"3047":0,"3048":1,"3049":2,"3050":0,"3051":0,"3052":0,"3053":1,"3054":0,"3055":0,"3056":0,"3057":0,"3058":0,"3059":0,"3060":0,"3061":0,"3062":0,"3063":1,"3064":0,"3065":0,"3066":1,"3067":0,"3068":0},"b":{"1":[1,0],"2":[1,1],"3":[0,0],"4":[0,0],"5":[0,0],"6":[0,0],"7":[0,0],"8":[1,1],"9":[1,0],"10":[1,0],"11":[1,1],"12":[0,1],"13":[0,1],"14":[0,1],"15":[0,0],"16":[0,0],"17":[0,0],"18":[0,0],"19":[0,0],"20":[0,0],"21":[0,0],"22":[0,0],"23":[0,0],"24":[0,0],"25":[0,0],"26":[0,0],"27":[0,0],"28":[0,0],"29":[0,0],"30":[0,0],"31":[0,0],"32":[0,0],"33":[0,0],"34":[0,0],"35":[0,0],"36":[0,0],"37":[0,0],"38":[0,0],"39":[0,0],"40":[0,0],"41":[0,0],"42":[0,0],"43":[0,0],"44":[0,0],"45":[0,0],"46":[0,0],"47":[0,0],"48":[1,1],"49":[0,0],"50":[0,0],"51":[0,0],"52":[0,0],"53":[0,0],"54":[0,0],"55":[0,0],"56":[0,0],"57":[0,0],"58":[0,0],"59":[0,0],"60":[0,0],"61":[0,0],"62":[0,0],"63":[0,0],"64":[0,0],"65":[0,0],"66":[0,0],"67":[0,0],"68":[0,0],"69":[0,0],"70":[0,0],"71":[0,0],"72":[0,0],"73":[0,0],"74":[0,0],"75":[0,0],"76":[0,0],"77":[0,0],"78":[0,0],"79":[0,0],"80":[0,0],"81":[0,0],"82":[0,0],"83":[0,0],"84":[0,0],"85":[0,0],"86":[0,0],"87":[0,0],"88":[0,0],"89":[0,0],"90":[0,0],"91":[0,0],"92":[0,0],"93":[0,0],"94":[0,0,0],"95":[0,0],"96":[0,0],"97":[0,0],"98":[0,0],"99":[0,0],"100":[0,0],"101":[0,0],"102":[0,0],"103":[0,0],"104":[0,0],"105":[0,0],"106":[0,0],"107":[0,0],"108":[0,0],"109":[0,0],"110":[0,0],"111":[0,0],"112":[0,0],"113":[0,0],"114":[0,0],"115":[0,0],"116":[0,0],"117":[0,0],"118":[0,0],"119":[0,0],"120":[0,0],"121":[0,0],"122":[0,0],"123":[0,0],"124":[0,0],"125":[0,0],"126":[0,0],"127":[0,0],"128":[0,0],"129":[0,0],"130":[0,0],"131":[0,0,0],"132":[0,0],"133":[0,0],"134":[0,0],"135":[0,0],"136":[0,0],"137":[0,0],"138":[0,0],"139":[0,0],"140":[0,0],"141":[0,0],"142":[0,0],"143":[0,0],"144":[0,0],"145":[0,0],"146":[0,0],"147":[0,0],"148":[0,0],"149":[0,0],"150":[0,0],"151":[0,0],"152":[0,0],"153":[0,0],"154":[0,0],"155":[0,0],"156":[0,0],"157":[0,0],"158":[0,0],"159":[0,0],"160":[0,0],"161":[0,0],"162":[0,0],"163":[0,0],"164":[0,0],"165":[0,0],"166":[0,0,0],"167":[0,0],"168":[0,0],"169":[0,0],"170":[0,0],"171":[0,0],"172":[0,0],"173":[0,0],"174":[0,0],"175":[0,0],"176":[0,0],"177":[0,0],"178":[0,0],"179":[0,0],"180":[0,0],"181":[0,0],"182":[0,0],"183":[0,0],"184":[0,0],"185":[0,0],"186":[0,0],"187":[0,0],"188":[0,0],"189":[0,0],"190":[0,0],"191":[0,0],"192":[0,0],"193":[0,0],"194":[0,0],"195":[0,0],"196":[0,0],"197":[0,0],"198":[0,0],"199":[0,0],"200":[0,0],"201":[0,0,0],"202":[0,0],"203":[0,0],"204":[0,0],"205":[0,0],"206":[0,0],"207":[0,0],"208":[0,0],"209":[0,0],"210":[0,0],"211":[0,0],"212":[0,0],"213":[0,0],"214":[0,0],"215":[0,0],"216":[0,0],"217":[0,0],"218":[0,0],"219":[0,0],"220":[0,0],"221":[0,0],"222":[0,0],"223":[0,0],"224":[0,0],"225":[0,0],"226":[0,0],"227":[0,0],"228":[0,0],"229":[0,0],"230":[0,0],"231":[0,0],"232":[0,0],"233":[0,0],"234":[0,0],"235":[0,0],"236":[0,0],"237":[0,0],"238":[0,0],"239":[0,0],"240":[0,0],"241":[0,0],"242":[0,0],"243":[0,0],"244":[0,0],"245":[0,0],"246":[
[...]
"3869":1,"3870":0,"3871":0,"3872":0,"3875":1,"3876":0,"3877":0,"3880":1,"3881":0,"3882":0,"3885":1,"3886":0,"3887":0,"3888":0,"3889":0,"3890":0,"3892":0,"3893":0,"3894":0,"3895":0,"3896":0,"3897":0,"3898":0,"3900":0,"3901":0,"3903":0,"3979":1,"3980":0,"3981":0,"3982":0,"3983":0,"3984":0,"3985":0,"3987":0,"3988":0,"3989":0,"3990":0,"3991":0,"3992":0,"3993":0,"3994":0,"3995":0,"3996":0,"3997":0,"3998":0,"4000":0,"4001":0,"4003":0,"4005":1,"4006":0,"4007":0,"4008":0,"4012":1,"4013":0,"4014":0,"4015":0,"4019":1,"4020":0,"4021":0,"4025":1,"4026":0,"4027":0,"4031":1,"4032":0,"4033":0,"4034":0,"4035":0,"4039":1,"4040":0,"4041":0,"4042":0,"4043":0,"4047":1,"4048":0,"4049":0,"4050":0,"4052":0,"4053":0,"4054":0,"4055":0,"4056":0,"4057":0,"4059":0,"4060":0,"4061":0,"4062":0,"4063":0,"4064":0,"4066":0,"4067":0,"4069":0,"4081":1,"4083":2,"4084":0,"4085":0,"4086":0,"4088":0,"4089":0,"4090":0,"4091":0,"4092":0,"4093":0,"4094":0,"4095":0,"4096":0,"4097":0,"4098":0,"4100":0,"4101":0,"4104":1,"4105":0,"4106":0,"4107":0,"4108":0,"4110":0,"4111":0,"4112":0,"4113":0,"4114":0,"4115":0,"4116":0,"4117":0,"4118":0,"4129":1,"4131":2,"4132":0,"4133":0,"4134":0,"4135":0,"4137":0,"4138":0,"4139":0,"4140":0,"4141":0,"4142":0,"4143":0,"4144":0,"4145":0,"4146":0,"4147":0,"4148":0,"4150":0,"4151":0,"4153":0,"4155":1,"4156":0,"4157":0,"4160":1,"4161":0,"4162":0,"4165":1,"4166":0,"4167":0,"4170":1,"4171":0,"4172":0,"4175":1,"4176":0,"4177":0,"4180":1,"4181":0,"4182":0,"4183":0,"4186":1,"4187":0,"4188":0,"4189":0,"4190":0,"4191":0,"4192":0,"4193":0,"4194":0,"4195":0,"4196":0,"4198":0,"4199":0,"4201":0,"4210":1,"4212":2,"4213":0,"4214":0,"4215":0,"4216":0,"4217":0,"4219":0,"4220":0,"4221":0,"4222":0,"4223":0,"4224":0,"4225":0,"4226":0,"4227":0,"4228":0,"4229":0,"4230":0,"4232":0,"4233":0,"4235":0,"4237":1,"4238":0,"4239":0,"4240":0,"4241":0,"4245":1,"4246":0,"4247":0,"4248":0,"4249":0,"4253":1,"4254":0,"4255":0,"4256":0,"4260":1,"4261":0,"4262":0,"4263":0,"4267":1,"4268":0,"4269":0,"4270":0,"4271":0,"4275":1,"4276":0,"4277":0,"4278":0,"4279":0,"4283":1,"4284":0,"4285":0,"4286":0,"4287":0,"4289":0,"4290":0,"4291":0,"4292":0,"4293":0,"4294":0,"4295":0,"4296":0,"4297":0,"4298":0,"4299":0,"4300":0,"4301":0,"4303":0,"4304":0,"4306":0,"4319":1,"4321":2,"4322":0,"4323":0,"4324":0,"4325":0,"4327":0,"4328":0,"4329":0,"4330":0,"4331":0,"4332":0,"4333":0,"4334":0,"4335":0,"4336":0,"4337":0,"4339":0,"4340":0,"4343":1,"4344":0,"4345":0,"4346":0,"4348":0,"4349":0,"4350":0,"4351":0,"4352":0,"4354":0,"4355":0,"4357":0,"4358":0,"4359":0,"4370":1,"4372":2,"4373":0,"4374":0,"4375":0,"4376":0,"4377":0,"4379":0,"4380":0,"4381":0,"4382":0,"4383":0,"4384":0,"4385":0,"4386":0,"4387":0,"4388":0,"4389":0,"4390":0,"4392":0,"4393":0,"4395":0,"4397":1,"4398":0,"4399":0,"4400":0,"4403":1,"4404":0,"4405":0,"4406":0,"4409":1,"4410":0,"4411":0,"4412":0,"4415":1,"4416":0,"4417":0,"4418":0,"4421":1,"4422":0,"4423":0,"4424":0,"4427":1,"4428":0,"4429":0,"4430":0,"4433":1,"4434":0,"4435":0,"4436":0,"4438":0,"4439":0,"4441":0,"4442":0,"4443":0,"4444":0,"4445":0,"4447":0,"4448":0,"4450":0,"4459":1,"4461":2,"4462":0,"4463":0,"4464":0,"4465":0,"4466":0,"4467":0,"4469":0,"4470":0,"4471":0,"4472":0,"4473":0,"4474":0,"4475":0,"4476":0,"4477":0,"4478":0,"4479":0,"4480":0,"4482":0,"4483":0,"4485":0,"4487":1,"4488":0,"4489":0,"4490":0,"4491":0,"4495":1,"4496":0,"4497":0,"4498":0,"4499":0,"4503":1,"4504":0,"4505":0,"4506":0,"4510":1,"4511":0,"4512":0,"4513":0,"4517":1,"4518":0,"4519":0,"4520":0,"4521":0,"4525":1,"4526":0,"4527":0,"4528":0,"4529":0,"4533":1,"4534":0,"4535":0,"4536":0,"4538":0,"4539":0,"4540":0,"4541":0,"4542":0,"4543":0,"4545":0,"4546":0,"4548":0,"4549":0,"4550":0,"4551":0,"4552":0,"4553":0,"4554":0,"4556":0,"4557":0,"4559":0,"4637":1,"4638":0,"4639":0,"4640":0,"4641":0,"4643":0,"4644":0,"4645":0,"4646":0,"4647":0,"4648":0,"4649":0,"4650":0,"4651":0,"4652":0,"4653":0,"4654":0,"4656":0,"4657":0,"4659":0,"4661":1,"4662":0,"4665":1,"4666":0,"4669":1,"4670":0,"4673":1,"4674":0,"4677":1,"4678":0,"4681":1,"4682":0,"4683":0,"4686":1,"4687":0,"4688":0,"4689":0,"4690":0,"4691":0,"4692":0,"4693":0,"4694":0,"4697":0,"4698":0,"4700":0,"4776":1,"4777":0,"4778":0,"4779":0,"4781":0,"4782":0,"4783":0,"4784":0,"4785":0,"4786":0,"4787":0,"4788":0,"4789":0,"4790":0,"4791":0,"4793":0,"4794":0,"4795":0,"4796":0,"4797":0,"4798":0,"4800":0,"4801":0,"4803":0,"4805":1,"4806":0,"4809":1,"4810":0,"4813":1,"4814":0,"4817":1,"4818":0,"4819":0,"4822":1,"4823":0,"4824":0,"4825":0,"4826":0,"4827":0,"4828":0,"4829":0,"4830":0,"4833":0,"4834":0,"4836":0,"4846":1,"4848":1,"4849":0,"4850":0,"4851":0,"4852":0,"4854":0,"4855":0,"4856":0,"4858":0,"4859":0,"4860":0,"4861":0,"4862":0,"4863":0,"4864":0,"4865":0,"4866":0,"4867":0,"4868":0,"4869":0,"4870":0,"4871":0,"4873":0,"4874":0,"4877":1,"4878":0,"4879":0,"4880":0,"4881":0,"4882":0,"4883":0,"4884":0,"4885":0,"4967":1,"4968":0,"4969":0,"4970":0,"4971":0,"4973":0,"4974":0,"4975":0,"4976":0,"4978":0,"4979":0,"4980":0,"4981":0,"4982":0,"4983":0,"4984":0,"4985":0,"4986":0,"4987":0,"4988":0,"4989":0,"4990":0,"4991":0,"4992":0,"4994":0,"4995":0,"4997":0,"4999":1,"5000":0,"5003":1,"5004":0,"5007":1,"5008":0,"5011":1,"5012":0,"5015":1,"5016":0,"5019":1,"5020":0,"5021":0,"5024":1,"5025":0,"5026":0,"5027":0,"5028":0,"5029":0,"5030":0,"5031":0,"5032":0,"5033":0,"5034":0,"5036":0,"5037":0,"5039":0,"5120":1,"5121":0,"5122":0,"5123":0,"5124":0,"5126":0,"5127":0,"5128":0,"5129":0,"5130":0,"5132":0,"5133":0,"5134":0,"5135":0,"5136":0,"5137":0,"5138":0,"5139":0,"5140":0,"5141":0,"5142":0,"5143":0,"5144":0,"5145":0,"5146":0,"5148":0,"5149":0,"5151":0,"5153":1,"5154":0,"5155":0,"5156":0,"5160":1,"5161":0,"5162":0,"5163":0,"5167":1,"5168":0,"5169":0,"5173":1,"5174":0,"5175":0,"5179":1,"5180":0,"5181":0,"5182":0,"5186":1,"5187":0,"5188":0,"5189":0,"5190":0,"5194":1,"5195":0,"5196":0,"5197":0,"5198":0,"5199":0,"5200":0,"5201":0,"5202":0,"5203":0,"5204":0,"5205":0,"5206":0,"5208":0,"5209":0,"5211":0,"5221":1,"5223":1,"5224":0,"5225":0,"5226":0,"5228":0,"5229":0,"5230":0,"5231":0,"5232":0,"5233":0,"5234":0,"5235":0,"5236":0,"5237":0,"5238":0,"5239":0,"5240":0,"5241":0,"5243":0,"5244":0,"5247":1,"5248":0,"5249":0,"5250":0,"5251":0,"5253":0,"5254":0,"5258":0,"5259":0,"5260":0,"5261":0,"5262":0,"5263":0,"5341":1,"5342":0,"5343":0,"5344":0,"5345":0,"5347":0,"5348":0,"5349":0,"5350":0,"5351":0,"5352":0,"5353":0,"5354":0,"5355":0,"5356":0,"5357":0,"5358":0,"5360":0,"5361":0,"5363":0,"5364":0,"5366":1,"5367":0,"5368":0,"5371":1,"5372":0,"5373":0,"5376":1,"5377":0,"5378":0,"5381":1,"5382":0,"5383":0,"5386":1,"5387":0,"5388":0,"5391":1,"5392":0,"5393":0,"5394":0,"5397":1,"5398":0,"5402":0,"5403":0,"5404":0,"5405":0,"5406":0,"5407":0,"5408":0,"5409":0,"5411":0,"5412":0,"5414":0,"5490":1,"5491":0,"5492":0,"5493":0,"5494":0,"5495":0,"5497":0,"5498":0,"5499":0,"5500":0,"5501":0,"5502":0,"5503":0,"5504":0,"5505":0,"5506":0,"5507":0,"5508":0,"5510":0,"5511":0,"5513":0,"5514":0,"5516":1,"5517":0,"5518":0,"5519":0,"5523":1,"5524":0,"5525":0,"5526":0,"5527":0,"5531":1,"5532":0,"5533":0,"5534":0,"5538":1,"5539":0,"5540":0,"5541":0,"5545":1,"5546":0,"5547":0,"5548":0,"5552":1,"5553":0,"5554":0,"5555":0,"5556":0,"5560":1,"5561":0,"5562":0,"5563":0,"5564":0,"5566":0,"5567":0,"5571":0,"5572":0,"5573":0,"5574":0,"5575":0,"5576":0,"5577":0,"5578":0,"5579":0,"5581":0,"5582":0,"5584":0,"5660":1,"5661":0,"5662":0,"5664":1,"5665":0,"5666":0,"5668":0,"5743":1,"5744":0,"5745":0,"5747":1,"5748":0,"5749":0,"5751":0,"5827":1,"5828":0,"5829":0,"5831":1,"5832":0,"5833":0,"5835":0,"5845":1,"5847":1,"5849":1,"5850":0,"5851":0,"5853":1,"5854":0,"5855":0,"5857":0,"5865":1,"5867":1,"5869":1,"5870":0,"5871":0,"5873":1,"5874":0,"5875":0,"5877":0,"5885":1,"5887":1,"5889":1,"5890":0,"5891":0,"5893":1,"5894":0,"5895":0,"5897":0,"5908":1,"5910":1,"5911":0,"5912":0,"5913":0,"5914":0,"5916":0,"5917":0,"5918":0,"5919":0,"5920":0,"5921":0,"5922":0,"5923":0,"5924":0,"5925":0,"5926":0,"5928":0,"5929":0,"5932":1,"5933":0,"5934":0,"5936":0,"5937":0,"5938":0,"5939":0,"5940":0,"6017":1,"6018":0,"6019":0,"6020":0,"6021":0,"6022":0,"6024":0,"6025":0,"6026":0,"6027":0,"6028":0,"6029":0,"6030":0,"6031":0,"6032":0,"6033":0,"6034":0,"6035":0,"6037":0,"6038":0,"6040":0,"6042":1,"6043":0,"6046":1,"6047":0,"6050":1,"6051":0,"6054":1,"6055":0,"6056":0,"6059":1,"6060":0,"6063":1,"6064":0,"6065":0,"6068":1,"6069":0,"6070":0,"6072":0,"6073":0,"6074":0,"6075":0,"6076":0,"6077":0,"6078":0,"6080":0,"6081":0,"6083":0,"6159":1,"6160":0,"6161":0,"6162":0,"6163":0,"6164":0,"6165":0,"6167":0,"6168":0,"6169":0,"6170":0,"6171":0,"6172":0,"6173":0,"6174":0,"6175":0,"6176":0,"6177":0,"6178":0,"6180":0,"6181":0,"6183":0,"6185":1,"6186":0,"6187":0,"6191":1,"6192":0,"6193":0,"6194":0,"6198":1,"6199":0,"6200":0,"6204":1,"6205":0,"6206":0,"6210":1,"6211":0,"6212":0,"6216":1,"6217":0,"6218":0,"6219":0,"6223":1,"6224":0,"6225":0,"6227":0,"6228":0,"6229":0,"6230":0,"6231":0,"6232":0,"6233":0,"6234":0,"6235":0,"6236":0,"6238":0,"6239":0,"6241":0,"6251":1,"6253":1,"6254":0,"6255":0,"6256":0,"6257":0,"6259":0,"6260":0,"6261":0,"6262":0,"6263":0,"6264":0,"6265":0,"6266":0,"6267":0,"6268":0,"6269":0,"6271":0,"6272":0,"6275":1,"6276":0,"6277":0,"6278":0,"6279":0,"6281":0,"6282":0,"6283":0,"6284":0,"6285":0,"6287":0,"6288":0,"6289":0,"6291":0,"6293":0,"6294":0,"6372":1,"6373":0,"6374":0,"6375":0,"6376":0,"6377":0,"6379":0,"6380":0,"6381":0,"6382":0,"6383":0,"6384":0,"6385":0,"6386":0,"6387":0,"6388":0,"6389":0,"6390":0,"6392":0,"6393":0,"6395":0,"6397":1,"6398":0,"6399":0,"6402":1,"6403":0,"6404":0,"6407":1,"6408":0,"6409":0,"6412":1,"6413":0,"6414":0,"6417":1,"6418":0,"6419":0,"6422":1,"6423":0,"6424":0,"6425":0,"6428":1,"6429":0,"6430":0,"6431":0,"6432":0,"6433":0,"6435":0,"6436":0,"6437":0,"6439":0,"6441":0,"6442":0,"6443":0,"6444":0,"6445":0,"6447":0,"6448":0,"6450":0,"6525":1,"6526":0,"6527":0,"6528":0,"6529":0,"6530":0,"6531":0,"6533":0,"6534":0,"6535":0,"6536":0,"6537":0,"6538":0,"6539":0,"6540":0,"6541":0,"6542":0,"6543":0,"6544":0,"6546":0,"6547":0,"6549":0,"6551":1,"6552":0,"6553":0,"6554":0,"6558":1,"6559":0,"6560":0,"6561":0,"6562":0,"6566":1,"6567":0,"6568":0,"6569":0,"6573":1,"6574":0,"6575":0,"6576":0,"6580":1,"6581":0,"6582":0,"6583":0,"6587":1,"6588":0,"6589":0,"6590":0,"6591":0,"6595":1,"6596":0,"6597":0,"6598":0,"6599":0,"6601":0,"6602":0,"6603":0,"6604":0,"6605":0,"6606":0,"6608":0,"6609":0,"6610":0,"6612":0,"6614":0,"6615":0,"6616":0,"6617":0,"6619":0,"6620":0,"6622":0,"6632":1,"6634":1,"6635":0,"6636":0,"6637":0,"6639":0,"6640":0,"6641":0,"6642":0,"6643":0,"6644":0,"6645":0,"6646":0,"6647":0,"6649":0,"6650":0,"6653":1,"6654":0,"6655":0,"6656":0,"6658":0,"6659":0,"6660":0,"6661":0,"6662":0,"6664":0,"6665":0,"6666":0,"6667":0,"6748":1,"6749":0,"6750":0,"6751":0,"6752":0,"6754":0,"6755":0,"6756":0,"6757":0,"6758":0,"6759":0,"6760":0,"6761":0,"6762":0,"6764":0,"6766":0,"6767":0,"6769":0,"6771":1,"6772":0,"6773":0,"6776":1,"6777":0,"6778":0,"6781":1,"6782":0,"6783":0,"6784":0,"6785":0,"6786":0,"6788":0,"6789":0,"6790":0,"6791":0,"6792":0,"6793":0,"6795":0,"6796":0,"6798":0,"6877":1,"6878":0,"6879":0,"6880":0,"6881":0,"6882":0,"6884":0,"6885":0,"6886":0,"6887":0,"6888":0,"6889":0,"6890":0,"6891":0,"6892":0,"6894":0,"6895":0,"6897":0,"6899":1,"6900":0,"6901":0,"6902":0,"6906":1,"6907":0,"6908":0,"6909":0,"6913":1,"6914":0,"6915":0,"6916":0,"6918":0,"6919":0,"6920":0,"6921":0,"6922":0,"6923":0,"6925":0,"6926":0,"6927":0,"6928":0,"6929":0,"6930":0,"6932":0,"6933":0,"6935":0,"6947":1,"6948":0,"6949":0,"6950":0,"6952":0,"6953":0,"6954":0,"6956":0,"6998":1,"6999":0,"7000":0,"7001":0,"7003":0,"7004":0,"7005":0,"7006":0,"7007":0,"7008":0,"7010":1,"7011":0,"7012":0,"7015":0,"7017":0,"7019":0,"7021":0,"7023":0,"7025":0,"7027":0,"7028":0,"7029":0,"7033":1,"7034":0,"7035":0,"7037":0,"7038":0,"7039":0,"7040":0,"7041":0,"7042":0,"7044":0,"7045":0,"7046":0,"7047":0,"7048":0,"7050":0,"7052":0,"7054":0,"7055":0,"7056":0,"7057":0,"7059":0,"7060":0,"7062":0,"7107":1,"7108":0,"7109":0,"7110":0,"7112":0,"7113":0,"7114":0,"7115":0,"7116":0,"7117":0,"7118":0,"7120":0,"7121":0,"7123":0,"7125":0,"7127":0,"7129":0,"7131":0,"7133":0,"7135":0,"7137":0,"7138":0,"7139":0,"7142":0,"7144":1,"7145":0,"7146":0,"7147":0,"7148":0,"7149":0,"7151":0,"7152":0,"7153":0,"7154":0,"7155":0,"7156":0,"7158":0,"7160":0,"7162":0,"7163":0,"7164":0,"7165":0,"7167":0,"7168":0,"7170":0,"7181":1,"7182":0,"7183":0,"7184":0,"7185":0,"7187":0,"7190":1,"7191":0,"7192":0,"7194":0,"7195":0,"7197":0,"7200":1,"7201":0,"7204":1,"7205":0,"7206":0,"7208":0,"7209":0,"7210":0,"7212":0,"7214":0,"7216":0,"7217":0,"7218":0,"7220":0,"7232":1,"7233":0,"7234":0,"7235":0,"7237":1,"7238":0,"7239":0,"7241":0,"7242":0,"7244":0,"7247":1,"7248":0,"7251":1,"7252":0,"7253":0,"7255":0,"7256":0,"7257":0,"7259":0,"7261":0,"7263":0,"7264":0,"7265":0,"7267":0,"7279":1,"7280":0,"7281":0,"7282":0,"7283":0,"7285":0,"7288":1,"7289":0,"7290":0,"7292":0,"7293":0,"7295":0,"7298":1,"7299":0,"7302":1,"7303":0,"7304":0,"7306":0,"7307":0,"7308":0,"7310":0,"7312":0,"7314":0,"7315":0,"7316":0,"7318":0,"7330":1,"7331":0,"7332":0,"7333":0,"7335":1,"7336":0,"7337":0,"7339":0,"7340":0,"7342":0,"7345":1,"7346":0,"7349":1,"7350":0,"7351":0,"7353":0,"7354":0,"7355":0,"7357":0,"7359":0,"7361":0,"7362":0,"7363":0,"7365":0,"7377":1,"7378":0,"7379":0,"7381":1,"7382":0,"7385":1,"7386":0,"7387":0,"7389":0,"7390":0,"7392":0,"7396":1,"7397":0,"7398":0,"7400":0,"7411":1,"7412":0,"7413":0,"7415":1,"7416":0,"7417":0,"7419":0,"7420":0,"7422":0,"7426":1,"7427":0,"7428":0,"7430":0,"7433":0,"7434":0,"7436":0,"7437":0,"7439":0,"7440":0,"7441":0,"7442":0,"7451":1,"7452":0,"7453":0,"7455":1,"7456":0,"7459":1,"7460":0,"7461":0,"7462":0,"7464":0,"7466":0,"7467":0,"7469":0,"7470":0,"7472":0,"7480":1,"7481":0,"7488":1,"7489":0,"7491":0,"7493":0,"7494":0,"7495":0,"7496":0,"7497":0,"7499":0,"7501":0,"7503":1,"7504":0,"7505":0,"7506":0,"7508":0,"7509":0,"7512":1,"7513":0,"7514":0,"7515":0,"7520":1,"7522":2,"7524":0,"7525":0,"7526":0,"7527":0,"7528":0,"7530":1,"7531":0,"7534":0,"7535":0,"7536":0,"7538":0,"7546":1,"7547":0,"7548":0,"7549":0,"7552":1,"7553":0,"7554":0,"7555":0,"7557":0,"7559":0,"7560":0,"7561":0,"7562":0,"7565":1,"7567":1,"7568":0,"7569":0,"7572":1,"7573":0,"7574":0,"7575":0,"7576":0,"7578":0,"7580":0,"7581":0,"7584":1,"7585":0,"7586":0,"7588":0,"7592":1,"7593":0,"7594":0,"7595":0,"7596":0,"7597":0,"7598":0,"7599":0,"7601":0,"7605":1,"7606":0,"7609":1,"7610":0,"7611":0,"7612":0,"7613":0,"7615":0,"7621":1,"7622":0,"7623":0,"7624":0,"7625":0,"7628":0,"7629":0,"7630":0,"7632":0,"7656":0,"7658":1,"7659":0,"7662":1,"7663":0,"7666":1,"7667":0,"7671":0,"7672":0,"7674":0,"7676":0,"7679":1,"7680":0,"7681":0,"7682":0,"7683":0,"7685":0,"7686":0,"7688":0,"7689":0,"7690":0,"7692":0,"7695":0,"7696":0,"7697":0,"7700":1,"7701":0,"7702":0,"7705":1,"7706":0,"7707":0,"7708":0,"7709":0,"7711":0,"7713":0,"7714":0,"7715":0,"7716":0,"7717":0,"7718":0,"7719":0,"7720":0,"7721":0,"7722":0,"7723":0,"7724":0,"7725":0,"7726":0,"7727":0,"7730":0,"7731":0,"7732":0,"7734":0,"7736":0,"7737":0,"7741":0,"7742":0,"7745":0,"7746":0,"7748":0,"7752":1,"7753":0,"7754":0,"7755":0,"7756":0,"7758":0,"7759":0,"7760":0,"7761":0,"7763":0,"7764":0,"7768":1,"7769":0,"7770":0,"7771":0,"7772":0,"7773":0,"7774":0,"7775":0,"7777":0,"7778":0,"7780":0,"7781":0,"7782":0,"7783":0,"7785":0,"7786":0,"7790":1,"7791":0,"7794":1,"7795":0,"7798":1,"7799":0,"7802":1,"7803":0,"7806":1,"7807":0,"7810":1,"7811":0,"7814":1,"7815":0,"7816":0,"7818":0,"7819":0,"7820":0,"7828":1,"7829":0,"7836":1,"7837":0,"7838":0,"7839":0,"7840":0,"7842":1,"7843":0,"7844":0,"7845":0,"7846":0,"7848":0,"7849":0,"7850":0,"7852":0,"7855":0,"7856":0,"7857":0,"7858":0,"7860":0,"7861":0,"7866":0,"7867":0,"7869":0,"7871":0,"7880":1,"7881":0,"7891":1,"7892":0,"7893":0,"7894":0,"7896":0,"7897":0,"7898":0,"7899":0,"7900":0,"7902":0,"7903":0,"7904":0,"7905":0,"7906":0,"7908":0,"7909":0,"7911":1,"7913":0,"7914":0,"7915":0,"7916":0,"7917":0,"7918":0,"7920":0,"7921":0,"7922":0,"7923":0,"7924":0,"7925":0,"7928":0,"7929":0,"7930":0,"7931":0,"7932":0,"7933":0,"7935":0,"7936":0,"7937":0,"7939":0,"7942":1,"7943":0,"7944":0,"7946":0,"7947":0,"7948":0,"7949":0,"7950":0,"7951":0,"7952":0,"7953":0,"7954":0,"7955":0,"7956":0,"7958":0,"7959":0,"7960":0,"7963":1,"7964":0,"7965":0,"7970":1,"7971":0,"7972":0,"7973":0,"7975":0,"7977":0,"7978":0,"7979":0,"7980":0,"7981":0,"7983":0,"7988":1,"7989":0,"7990":0,"7991":0,"7993":0,"7997":1,"7998":1,"7999":1,"8000":1,"8007":1,"8008":0,"8009":0,"8010":0,"8011":0,"8012":0,"8014":0,"8024":1,"8025":0,"8026":0,"8027":0,"8029":1,"8030":0,"8031":0,"8033":0,"8034":0,"8035":0,"8037":0,"8038":0,"8039":0,"8040":0,"8041":0,"8042":0,"8044":0,"8045":0,"8046":0,"8048":0,"8049":0,"8050":0,"8052":0,"8054":0,"8055":0,"8057":1,"8058":0,"8060":0,"8061":0,"8063":0,"8064":0,"8066":0,"8067":0,"8069":0,"8070":0,"8071":0,"8073":0,"8074":0,"8075":0,"8088":1,"8089":0,"8090":0,"8091":0,"8092":0,"8093":0,"8094":0,"8095":0,"8097":0,"8098":0,"8100":0,"8101":0,"8103":0,"8104":0,"8106":0,"8107":0,"8110":0,"8111":0,"8112":0,"8114":0,"8116":0,"8118":0,"8119":0,"8121":0,"8122":0,"8124":0,"8125":0,"8127":0,"8130":0,"8131":0,"8134":0,"8135":0,"8137":0,"8140":1,"8141":0,"8144":1,"8145":0,"8146":0,"8147":0,"8149":0,"8150":0,"8152":0,"8155":1,"8156":0,"8159":1,"8160":0,"8161":0,"8162":0,"8164":0,"8165":0,"8167":0,"8171":1,"8172":0,"8173":0,"8174":0,"8176":0,"8178":1,"8179":0,"8180":0,"8181":0,"8182":0,"8183":0,"8185":0,"8186":0,"8188":0,"8189":0,"8191":0,"8192":0,"8194":0,"8196":0,"8197":0,"8199":0,"8202":1,"8203":0,"8206":1,"8207":0,"8210":1,"8211":0,"8214":1,"8215":0,"8216":0,"8225":1,"8226":0,"8227":0,"8228":0,"8229":0,"8231":0,"8232":0,"8234":0,"8236":1,"8237":0,"8238":0,"8239":0,"8240":0,"8242":0,"8244":0,"8245":0,"8247":0,"8255":1,"8256":0,"8259":0,"8261":0,"8263":0,"8265":0,"8267":0,"8269":0,"8270":0,"8271":0,"8272":0,"8273":0,"8274":0,"8276":0,"8287":1,"8288":0,"8289":0,"8291":1,"8292":0,"8293":0,"8294":0,"8295":0,"8296":0,"8297":0,"8300":1,"8301":0,"8302":0,"8303":0,"8304":0,"8305":0,"8307":0,"8308":0,"8311":1,"8312":0,"8313":0,"8314":0,"8318":1,"8319":0,"8321":0,"8322":0,"8324":0,"8325":0,"8327":0,"8328":0,"8330":0,"8331":0,"8352":1,"8353":0,"8354":0,"8355":0,"8356":0,"8358":0,"8359":0,"8361":1,"8362":0,"8365":1,"8366":0,"8367":0,"8368":0,"8370":0,"8371":0,"8372":0,"8373":0,"8374":0,"8375":0,"8376":0,"8398":1,"8399":0,"8400":0,"8401":0,"8402":0,"8404":0,"8405":0,"8406":0,"8407":0,"8409":1,"8410":0,"8413":1,"8414":0,"8415":0,"8416":0,"8417":0,"8418":0,"8419":0,"8420":0,"8421":0,"8422":0,"8424":0,"8425":0,"8427":0,"8448":1,"8449":0,"8450":0,"8451":0,"8452":0,"8454":0,"8455":0,"8456":0,"8457":0,"8458":0,"8460":1,"8461":0,"8462":0,"8463":0,"8467":1,"8468":0,"8469":0,"8470":0,"8472":0,"8473":0,"8474":0,"8475":0,"8476":0,"8477":0,"8478":0,"8479":0,"8480":0,"8481":0,"8483":0,"8484":0,"8486":0,"8562":1,"8563":0,"8564":0,"8565":0,"8566":0,"8567":0,"8568":0,"8569":0,"8571":0,"8572":0,"8573":0,"8574":0,"8575":0,"8578":0,"8580":0,"8581":0,"8589":1,"8590":0,"8591":0,"8594":0,"8595":0,"8596":0,"8597":0,"8598":0,"8599":0,"8600":0,"8601":0,"8602":0,"8604":0,"8606":0,"8607":0,"8610":0,"8611":0,"8612":0,"8614":1,"8615":0,"8616":0,"8617":0,"8618":0,"8620":0,"8621":0,"8622":0,"8623":0,"8627":0,"8628":0,"8629":0,"8636":1,"8637":0,"8638":0,"8646":1,"8647":0,"8648":0,"8649":0,"8650":0,"8651":0,"8652":0,"8653":0,"8654":0,"8656":1,"8657":0,"8658":0,"8659":0,"8660":0,"8663":0,"8673":1,"8674":0,"8675":0,"8676":0,"8677":0,"8681":1,"8682":0,"8683":0,"8684":0,"8685":0,"8686":0,"8687":0,"8689":0,"8691":0,"8692":0,"8693":0,"8695":0,"8698":0,"8709":1,"8710":0,"8711":0,"8712":0,"8714":0,"8715":0,"8717":0,"8718":0,"8720":0,"8721":0,"8722":0,"8723":0,"8724":0,"8727":1,"8728":0,"8729":0,"8733":0,"8734":0,"8736":0,"8749":1,"8750":0,"8751":0,"8752":0,"8753":0,"8754":0,"8755":0,"8756":0,"8757":0,"8758":0,"8759":0,"8761":0,"8763":1,"8764":0,"8772":1,"8773":2,"8774":0,"8775":0,"8776":0,"8779":1,"8780":0,"8781":0,"8782":0,"8783":0,"8785":0,"8787":0,"8788":0,"8789":0,"8790":0,"8801":1,"8802":0,"8803":0,"8810":1,"8811":0,"8812":0}}}